<?xml version="1.0" encoding="UTF-8"?>
<coverage generated="1769412894261" clover="3.2.0">
  <project timestamp="1769412894261" name="All files">
    <metrics statements="719" coveredstatements="413" conditionals="526" coveredconditionals="260" methods="143" coveredmethods="50" elements="1388" coveredelements="723" complexity="0" loc="719" ncloc="719" packages="7" files="15" classes="15"/>
    <package name="src">
      <metrics statements="112" coveredstatements="90" conditionals="65" coveredconditionals="58" methods="12" coveredmethods="8"/>
      <file name="App.tsx" path="C:\Users\DEVDUL\Documents\DEVELOPMENT\pdf-editor\src\App.tsx">
        <metrics statements="112" coveredstatements="90" conditionals="65" coveredconditionals="58" methods="12" coveredmethods="8"/>
        <line num="10" count="2" type="stmt"/>
        <line num="12" count="56" type="stmt"/>
        <line num="13" count="56" type="stmt"/>
        <line num="14" count="56" type="stmt"/>
        <line num="15" count="56" type="stmt"/>
        <line num="16" count="56" type="stmt"/>
        <line num="17" count="56" type="stmt"/>
        <line num="18" count="56" type="cond" truecount="2" falsecount="0"/>
        <line num="20" count="56" type="stmt"/>
        <line num="21" count="18" type="stmt"/>
        <line num="22" count="18" type="stmt"/>
        <line num="23" count="11" type="stmt"/>
        <line num="24" count="11" type="stmt"/>
        <line num="25" count="11" type="stmt"/>
        <line num="26" count="11" type="stmt"/>
        <line num="27" count="11" type="stmt"/>
        <line num="28" count="11" type="stmt"/>
        <line num="30" count="7" type="stmt"/>
        <line num="31" count="7" type="stmt"/>
        <line num="32" count="7" type="cond" truecount="2" falsecount="0"/>
        <line num="33" count="5" type="stmt"/>
        <line num="34" count="5" type="stmt"/>
        <line num="35" count="5" type="stmt"/>
        <line num="39" count="2" type="cond" truecount="1" falsecount="1"/>
        <line num="40" count="7" type="cond" truecount="4" falsecount="0"/>
        <line num="41" count="1" type="stmt"/>
        <line num="43" count="1" type="stmt"/>
        <line num="44" count="2" type="stmt"/>
        <line num="47" count="56" type="cond" truecount="2" falsecount="0"/>
        <line num="49" count="56" type="stmt"/>
        <line num="50" count="2" type="cond" truecount="1" falsecount="1"/>
        <line num="51" count="2" type="stmt"/>
        <line num="53" count="56" type="cond" truecount="2" falsecount="0"/>
        <line num="55" count="56" type="stmt"/>
        <line num="56" count="1" type="stmt"/>
        <line num="57" count="1" type="stmt"/>
        <line num="58" count="1" type="stmt"/>
        <line num="59" count="56" type="cond" truecount="2" falsecount="0"/>
        <line num="61" count="56" type="stmt"/>
        <line num="62" count="16" type="stmt"/>
        <line num="63" count="16" type="stmt"/>
        <line num="64" count="56" type="cond" truecount="2" falsecount="0"/>
        <line num="66" count="56" type="stmt"/>
        <line num="67" count="1" type="stmt"/>
        <line num="68" count="1" type="stmt"/>
        <line num="69" count="0" type="stmt"/>
        <line num="70" count="0" type="stmt"/>
        <line num="71" count="0" type="stmt"/>
        <line num="73" count="56" type="cond" truecount="2" falsecount="0"/>
        <line num="75" count="56" type="stmt"/>
        <line num="76" count="0" type="stmt"/>
        <line num="80" count="0" type="cond" truecount="0" falsecount="2"/>
        <line num="81" count="0" type="stmt"/>
        <line num="82" count="0" type="stmt"/>
        <line num="83" count="0" type="stmt"/>
        <line num="84" count="0" type="stmt"/>
        <line num="85" count="0" type="stmt"/>
        <line num="88" count="24" type="stmt"/>
        <line num="90" count="56" type="stmt"/>
        <line num="91" count="6" type="stmt"/>
        <line num="92" count="6" type="stmt"/>
        <line num="93" count="5" type="stmt"/>
        <line num="96" count="5" type="stmt"/>
        <line num="99" count="5" type="stmt"/>
        <line num="100" count="5" type="stmt"/>
        <line num="101" count="5" type="stmt"/>
        <line num="102" count="5" type="stmt"/>
        <line num="103" count="5" type="stmt"/>
        <line num="104" count="5" type="stmt"/>
        <line num="105" count="5" type="stmt"/>
        <line num="108" count="5" type="stmt"/>
        <line num="109" count="0" type="stmt"/>
        <line num="111" count="0" type="stmt"/>
        <line num="112" count="0" type="stmt"/>
        <line num="114" count="0" type="stmt"/>
        <line num="115" count="0" type="stmt"/>
        <line num="116" count="0" type="stmt"/>
        <line num="120" count="5" type="stmt"/>
        <line num="121" count="5" type="stmt"/>
        <line num="124" count="5" type="stmt"/>
        <line num="125" count="0" type="stmt"/>
        <line num="126" count="0" type="cond" truecount="0" falsecount="2"/>
        <line num="127" count="0" type="stmt"/>
        <line num="129" count="0" type="stmt"/>
        <line num="130" count="0" type="stmt"/>
        <line num="131" count="0" type="stmt"/>
        <line num="134" count="6" type="stmt"/>
        <line num="135" count="6" type="stmt"/>
        <line num="136" count="6" type="stmt"/>
        <line num="138" count="56" type="cond" truecount="2" falsecount="0"/>
        <line num="140" count="56" type="stmt"/>
        <line num="141" count="1" type="cond" truecount="1" falsecount="1"/>
        <line num="144" count="1" type="stmt"/>
        <line num="145" count="1" type="stmt"/>
        <line num="146" count="1" type="stmt"/>
        <line num="148" count="56" type="cond" truecount="5" falsecount="0"/>
        <line num="151" count="40" type="stmt"/>
        <line num="152" count="27" type="stmt"/>
        <line num="157" count="29" type="stmt"/>
        <line num="159" count="32" type="stmt"/>
        <line num="164" count="56" type="cond" truecount="5" falsecount="0"/>
        <line num="165" count="56" type="cond" truecount="2" falsecount="0"/>
        <line num="167" count="34" type="stmt"/>
        <line num="169" count="20" type="stmt"/>
        <line num="176" count="56" type="cond" truecount="4" falsecount="0"/>
        <line num="178" count="34" type="cond" truecount="2" falsecount="0"/>
        <line num="189" count="56" type="cond" truecount="2" falsecount="0"/>
        <line num="191" count="32" type="cond" truecount="2" falsecount="0"/>
        <line num="204" count="56" type="cond" truecount="4" falsecount="0"/>
        <line num="206" count="56" type="cond" truecount="2" falsecount="0"/>
        <line num="208" count="56" type="cond" truecount="5" falsecount="0"/>
        <line num="209" count="56" type="stmt"/>
      </file>
    </package>
    <package name="src.components">
      <metrics statements="422" coveredstatements="210" conditionals="277" coveredconditionals="131" methods="98" coveredmethods="23"/>
      <file name="MenuBar.tsx" path="C:\Users\DEVDUL\Documents\DEVELOPMENT\pdf-editor\src\components\MenuBar.tsx">
        <metrics statements="37" coveredstatements="35" conditionals="42" coveredconditionals="33" methods="1" coveredmethods="1"/>
        <line num="22" count="3" type="stmt"/>
        <line num="23" count="48" type="cond" truecount="2" falsecount="0"/>
        <line num="25" count="48" type="stmt"/>
        <line num="26" count="36" type="stmt"/>
        <line num="27" count="48" type="cond" truecount="2" falsecount="0"/>
        <line num="28" count="36" type="stmt"/>
        <line num="30" count="48" type="cond" truecount="2" falsecount="0"/>
        <line num="34" count="48" type="cond" truecount="2" falsecount="0"/>
        <line num="37" count="36" type="stmt"/>
        <line num="38" count="36" type="stmt"/>
        <line num="39" count="48" type="cond" truecount="2" falsecount="0"/>
        <line num="40" count="48" type="cond" truecount="2" falsecount="0"/>
        <line num="42" count="36" type="stmt"/>
        <line num="44" count="48" type="stmt"/>
        <line num="48" count="48" type="cond" truecount="2" falsecount="0"/>
        <line num="51" count="36" type="stmt"/>
        <line num="52" count="48" type="cond" truecount="2" falsecount="2"/>
        <line num="53" count="0" type="stmt"/>
        <line num="54" count="48" type="stmt"/>
        <line num="58" count="48" type="cond" truecount="2" falsecount="0"/>
        <line num="61" count="36" type="stmt"/>
        <line num="62" count="48" type="cond" truecount="3" falsecount="1"/>
        <line num="63" count="0" type="stmt"/>
        <line num="64" count="48" type="stmt"/>
        <line num="68" count="48" type="cond" truecount="2" falsecount="0"/>
        <line num="71" count="36" type="stmt"/>
        <line num="72" count="48" type="cond" truecount="2" falsecount="2"/>
        <line num="73" count="48" type="cond" truecount="2" falsecount="0"/>
        <line num="75" count="36" type="stmt"/>
        <line num="77" count="36" type="stmt"/>
        <line num="79" count="48" type="cond" truecount="2" falsecount="0"/>
        <line num="81" count="36" type="stmt"/>
        <line num="82" count="36" type="stmt"/>
        <line num="94" count="48" type="cond" truecount="2" falsecount="0"/>
        <line num="108" count="48" type="cond" truecount="2" falsecount="4"/>
        <line num="110" count="48" type="stmt"/>
        <line num="115" count="3" type="stmt"/>
      </file>
      <file name="PDFUploader.tsx" path="C:\Users\DEVDUL\Documents\DEVELOPMENT\pdf-editor\src\components\PDFUploader.tsx">
        <metrics statements="35" coveredstatements="26" conditionals="24" coveredconditionals="12" methods="4" coveredmethods="2"/>
        <line num="9" count="15" type="stmt"/>
        <line num="10" count="15" type="cond" truecount="1" falsecount="1"/>
        <line num="12" count="15" type="stmt"/>
        <line num="13" count="15" type="stmt"/>
        <line num="14" count="11" type="stmt"/>
        <line num="15" count="11" type="cond" truecount="4" falsecount="0"/>
        <line num="16" count="10" type="stmt"/>
        <line num="18" count="1" type="stmt"/>
        <line num="20" count="0" type="stmt"/>
        <line num="22" count="15" type="cond" truecount="1" falsecount="1"/>
        <line num="24" count="15" type="stmt"/>
        <line num="25" count="15" type="stmt"/>
        <line num="26" count="0" type="stmt"/>
        <line num="27" count="0" type="stmt"/>
        <line num="28" count="0" type="cond" truecount="0" falsecount="4"/>
        <line num="29" count="0" type="stmt"/>
        <line num="31" count="0" type="stmt"/>
        <line num="33" count="0" type="stmt"/>
        <line num="37" count="15" type="stmt"/>
        <line num="39" count="0" type="stmt"/>
        <line num="42" count="15" type="cond" truecount="1" falsecount="1"/>
        <line num="44" count="15" type="stmt"/>
        <line num="45" count="0" type="stmt"/>
        <line num="46" count="15" type="cond" truecount="1" falsecount="1"/>
        <line num="49" count="15" type="stmt"/>
        <line num="55" count="15" type="stmt"/>
        <line num="62" count="15" type="cond" truecount="1" falsecount="1"/>
        <line num="63" count="15" type="stmt"/>
        <line num="67" count="15" type="stmt"/>
        <line num="70" count="15" type="stmt"/>
        <line num="72" count="15" type="cond" truecount="1" falsecount="1"/>
        <line num="74" count="15" type="stmt"/>
        <line num="79" count="15" type="cond" truecount="2" falsecount="2"/>
        <line num="80" count="15" type="stmt"/>
        <line num="84" count="2" type="stmt"/>
      </file>
      <file name="PDFViewer.tsx" path="C:\Users\DEVDUL\Documents\DEVELOPMENT\pdf-editor\src\components\PDFViewer.tsx">
        <metrics statements="294" coveredstatements="93" conditionals="134" coveredconditionals="26" methods="84" coveredmethods="11"/>
        <line num="25" count="3" type="stmt"/>
        <line num="51" count="3" type="stmt"/>
        <line num="52" count="56" type="stmt"/>
        <line num="53" count="56" type="stmt"/>
        <line num="54" count="56" type="stmt"/>
        <line num="55" count="56" type="stmt"/>
        <line num="56" count="56" type="stmt"/>
        <line num="57" count="56" type="stmt"/>
        <line num="58" count="56" type="stmt"/>
        <line num="59" count="56" type="stmt"/>
        <line num="60" count="56" type="stmt"/>
        <line num="61" count="56" type="stmt"/>
        <line num="64" count="56" type="stmt"/>
        <line num="65" count="56" type="stmt"/>
        <line num="68" count="56" type="stmt"/>
        <line num="69" count="56" type="stmt"/>
        <line num="72" count="56" type="stmt"/>
        <line num="74" count="56" type="stmt"/>
        <line num="75" count="38" type="cond" truecount="1" falsecount="1"/>
        <line num="77" count="38" type="stmt"/>
        <line num="78" count="38" type="stmt"/>
        <line num="79" count="38" type="stmt"/>
        <line num="82" count="38" type="stmt"/>
        <line num="83" count="38" type="cond" truecount="2" falsecount="0"/>
        <line num="85" count="38" type="stmt"/>
        <line num="91" count="38" type="stmt"/>
        <line num="92" count="0" type="cond" truecount="0" falsecount="2"/>
        <line num="94" count="0" type="cond" truecount="0" falsecount="2"/>
        <line num="95" count="0" type="stmt"/>
        <line num="96" count="0" type="stmt"/>
        <line num="98" count="0" type="stmt"/>
        <line num="99" count="0" type="cond" truecount="0" falsecount="2"/>
        <line num="100" count="0" type="stmt"/>
        <line num="102" count="0" type="cond" truecount="0" falsecount="2"/>
        <line num="104" count="0" type="stmt"/>
        <line num="105" count="0" type="cond" truecount="0" falsecount="2"/>
        <line num="106" count="0" type="stmt"/>
        <line num="108" count="0" type="stmt"/>
        <line num="113" count="38" type="stmt"/>
        <line num="116" count="38" type="stmt"/>
        <line num="117" count="38" type="stmt"/>
        <line num="118" count="38" type="stmt"/>
        <line num="119" count="38" type="stmt"/>
        <line num="120" count="38" type="stmt"/>
        <line num="123" count="38" type="stmt"/>
        <line num="125" count="0" type="stmt"/>
        <line num="126" count="0" type="stmt"/>
        <line num="130" count="38" type="stmt"/>
        <line num="133" count="56" type="stmt"/>
        <line num="134" count="0" type="stmt"/>
        <line num="137" count="56" type="stmt"/>
        <line num="138" count="0" type="stmt"/>
        <line num="139" count="0" type="cond" truecount="0" falsecount="2"/>
        <line num="141" count="0" type="stmt"/>
        <line num="142" count="0" type="stmt"/>
        <line num="143" count="0" type="stmt"/>
        <line num="145" count="0" type="stmt"/>
        <line num="146" count="0" type="stmt"/>
        <line num="147" count="0" type="stmt"/>
        <line num="148" count="0" type="stmt"/>
        <line num="149" count="0" type="stmt"/>
        <line num="151" count="0" type="stmt"/>
        <line num="160" count="0" type="stmt"/>
        <line num="165" count="0" type="stmt"/>
        <line num="167" count="0" type="stmt"/>
        <line num="168" count="0" type="stmt"/>
        <line num="171" count="56" type="stmt"/>
        <line num="172" count="38" type="stmt"/>
        <line num="173" count="38" type="stmt"/>
        <line num="175" count="38" type="stmt"/>
        <line num="176" count="76" type="stmt"/>
        <line num="177" count="76" type="stmt"/>
        <line num="179" count="76" type="stmt"/>
        <line num="181" count="76" type="stmt"/>
        <line num="182" count="0" type="stmt"/>
        <line num="189" count="0" type="cond" truecount="0" falsecount="2"/>
        <line num="190" count="0" type="stmt"/>
        <line num="202" count="76" type="stmt"/>
        <line num="203" count="76" type="stmt"/>
        <line num="206" count="76" type="stmt"/>
        <line num="207" count="76" type="stmt"/>
        <line num="208" count="0" type="stmt"/>
        <line num="210" count="76" type="stmt"/>
        <line num="213" count="56" type="stmt"/>
        <line num="214" count="49" type="cond" truecount="4" falsecount="0"/>
        <line num="216" count="11" type="stmt"/>
        <line num="217" count="11" type="stmt"/>
        <line num="218" count="11" type="stmt"/>
        <line num="219" count="11" type="stmt"/>
        <line num="222" count="11" type="cond" truecount="2" falsecount="0"/>
        <line num="223" count="4" type="stmt"/>
        <line num="226" count="11" type="stmt"/>
        <line num="227" count="11" type="stmt"/>
        <line num="229" count="11" type="cond" truecount="1" falsecount="1"/>
        <line num="231" count="0" type="stmt"/>
        <line num="232" count="0" type="stmt"/>
        <line num="233" count="0" type="stmt"/>
        <line num="235" count="0" type="stmt"/>
        <line num="237" count="11" type="stmt"/>
        <line num="242" count="11" type="stmt"/>
        <line num="244" count="0" type="stmt"/>
        <line num="248" count="11" type="stmt"/>
        <line num="251" count="56" type="stmt"/>
        <line num="252" count="0" type="stmt"/>
        <line num="255" count="56" type="stmt"/>
        <line num="256" count="0" type="stmt"/>
        <line num="259" count="56" type="stmt"/>
        <line num="260" count="0" type="stmt"/>
        <line num="263" count="56" type="stmt"/>
        <line num="264" count="0" type="stmt"/>
        <line num="267" count="56" type="stmt"/>
        <line num="268" count="0" type="stmt"/>
        <line num="274" count="56" type="stmt"/>
        <line num="275" count="0" type="stmt"/>
        <line num="276" count="0" type="stmt"/>
        <line num="277" count="0" type="stmt"/>
        <line num="278" count="0" type="stmt"/>
        <line num="281" count="0" type="stmt"/>
        <line num="282" count="0" type="cond" truecount="0" falsecount="4"/>
        <line num="283" count="0" type="stmt"/>
        <line num="288" count="0" type="stmt"/>
        <line num="289" count="0" type="cond" truecount="0" falsecount="2"/>
        <line num="291" count="0" type="stmt"/>
        <line num="293" count="0" type="stmt"/>
        <line num="294" count="0" type="stmt"/>
        <line num="298" count="0" type="stmt"/>
        <line num="299" count="0" type="stmt"/>
        <line num="302" count="0" type="stmt"/>
        <line num="306" count="0" type="stmt"/>
        <line num="307" count="0" type="cond" truecount="0" falsecount="2"/>
        <line num="311" count="56" type="stmt"/>
        <line num="312" count="1" type="cond" truecount="1" falsecount="1"/>
        <line num="313" count="1" type="cond" truecount="1" falsecount="1"/>
        <line num="315" count="0" type="stmt"/>
        <line num="316" count="0" type="stmt"/>
        <line num="317" count="0" type="stmt"/>
        <line num="318" count="0" type="stmt"/>
        <line num="321" count="0" type="stmt"/>
        <line num="322" count="0" type="stmt"/>
        <line num="324" count="0" type="stmt"/>
        <line num="335" count="0" type="stmt"/>
        <line num="336" count="0" type="stmt"/>
        <line num="337" count="0" type="stmt"/>
        <line num="339" count="0" type="stmt"/>
        <line num="343" count="56" type="stmt"/>
        <line num="344" count="0" type="stmt"/>
        <line num="345" count="0" type="stmt"/>
        <line num="348" count="56" type="stmt"/>
        <line num="349" count="1" type="stmt"/>
        <line num="350" count="1" type="stmt"/>
        <line num="351" count="1" type="cond" truecount="3" falsecount="1"/>
        <line num="353" count="1" type="stmt"/>
        <line num="354" count="1" type="stmt"/>
        <line num="355" count="1" type="cond" truecount="2" falsecount="2"/>
        <line num="357" count="0" type="stmt"/>
        <line num="358" count="0" type="stmt"/>
        <line num="360" count="0" type="stmt"/>
        <line num="361" count="0" type="stmt"/>
        <line num="362" count="0" type="stmt"/>
        <line num="363" count="0" type="stmt"/>
        <line num="364" count="0" type="stmt"/>
        <line num="365" count="0" type="stmt"/>
        <line num="366" count="0" type="stmt"/>
        <line num="367" count="0" type="stmt"/>
        <line num="371" count="0" type="stmt"/>
        <line num="372" count="0" type="stmt"/>
        <line num="374" count="0" type="stmt"/>
        <line num="383" count="0" type="stmt"/>
        <line num="388" count="0" type="stmt"/>
        <line num="390" count="0" type="stmt"/>
        <line num="393" count="56" type="stmt"/>
        <line num="394" count="0" type="stmt"/>
        <line num="395" count="0" type="cond" truecount="0" falsecount="2"/>
        <line num="399" count="56" type="stmt"/>
        <line num="401" count="0" type="stmt"/>
        <line num="402" count="0" type="cond" truecount="0" falsecount="2"/>
        <line num="408" count="56" type="stmt"/>
        <line num="409" count="0" type="stmt"/>
        <line num="412" count="56" type="stmt"/>
        <line num="414" count="0" type="cond" truecount="0" falsecount="2"/>
        <line num="416" count="0" type="stmt"/>
        <line num="417" count="0" type="stmt"/>
        <line num="419" count="0" type="stmt"/>
        <line num="429" count="56" type="stmt"/>
        <line num="439" count="0" type="stmt"/>
        <line num="447" count="0" type="cond" truecount="0" falsecount="2"/>
        <line num="448" count="0" type="stmt"/>
        <line num="461" count="0" type="cond" truecount="0" falsecount="2"/>
        <line num="469" count="0" type="stmt"/>
        <line num="474" count="0" type="stmt"/>
        <line num="483" count="56" type="stmt"/>
        <line num="485" count="56" type="stmt"/>
        <line num="487" count="0" type="cond" truecount="0" falsecount="2"/>
        <line num="489" count="0" type="stmt"/>
        <line num="490" count="0" type="cond" truecount="0" falsecount="2"/>
        <line num="492" count="0" type="stmt"/>
        <line num="504" count="56" type="stmt"/>
        <line num="505" count="0" type="cond" truecount="0" falsecount="4"/>
        <line num="506" count="0" type="stmt"/>
        <line num="508" count="0" type="stmt"/>
        <line num="509" count="0" type="stmt"/>
        <line num="510" count="0" type="stmt"/>
        <line num="512" count="0" type="stmt"/>
        <line num="514" count="0" type="cond" truecount="0" falsecount="2"/>
        <line num="516" count="0" type="stmt"/>
        <line num="517" count="0" type="stmt"/>
        <line num="519" count="0" type="stmt"/>
        <line num="521" count="0" type="stmt"/>
        <line num="522" count="0" type="stmt"/>
        <line num="523" count="0" type="stmt"/>
        <line num="525" count="0" type="stmt"/>
        <line num="526" count="0" type="stmt"/>
        <line num="527" count="0" type="stmt"/>
        <line num="529" count="0" type="stmt"/>
        <line num="530" count="0" type="stmt"/>
        <line num="531" count="0" type="cond" truecount="0" falsecount="2"/>
        <line num="538" count="0" type="stmt"/>
        <line num="539" count="0" type="stmt"/>
        <line num="540" count="0" type="stmt"/>
        <line num="541" count="0" type="stmt"/>
        <line num="544" count="0" type="stmt"/>
        <line num="545" count="0" type="stmt"/>
        <line num="548" count="0" type="stmt"/>
        <line num="549" count="0" type="stmt"/>
        <line num="551" count="0" type="cond" truecount="0" falsecount="2"/>
        <line num="557" count="0" type="stmt"/>
        <line num="567" count="0" type="stmt"/>
        <line num="569" count="0" type="stmt"/>
        <line num="570" count="0" type="stmt"/>
        <line num="576" count="0" type="stmt"/>
        <line num="577" count="0" type="stmt"/>
        <line num="584" count="0" type="stmt"/>
        <line num="585" count="0" type="stmt"/>
        <line num="598" count="0" type="stmt"/>
        <line num="599" count="0" type="stmt"/>
        <line num="613" count="0" type="stmt"/>
        <line num="614" count="0" type="stmt"/>
        <line num="630" count="0" type="stmt"/>
        <line num="631" count="0" type="stmt"/>
        <line num="645" count="0" type="stmt"/>
        <line num="646" count="0" type="stmt"/>
        <line num="657" count="0" type="stmt"/>
        <line num="688" count="0" type="stmt"/>
        <line num="689" count="0" type="stmt"/>
        <line num="691" count="0" type="stmt"/>
        <line num="692" count="0" type="cond" truecount="0" falsecount="2"/>
        <line num="693" count="0" type="stmt"/>
        <line num="694" count="0" type="stmt"/>
        <line num="695" count="0" type="stmt"/>
        <line num="704" count="56" type="stmt"/>
        <line num="705" count="0" type="cond" truecount="0" falsecount="4"/>
        <line num="706" count="0" type="stmt"/>
        <line num="708" count="0" type="stmt"/>
        <line num="709" count="0" type="stmt"/>
        <line num="710" count="0" type="stmt"/>
        <line num="711" count="0" type="stmt"/>
        <line num="712" count="0" type="stmt"/>
        <line num="714" count="0" type="stmt"/>
        <line num="715" count="0" type="stmt"/>
        <line num="716" count="0" type="stmt"/>
        <line num="717" count="0" type="stmt"/>
        <line num="718" count="0" type="stmt"/>
        <line num="719" count="0" type="stmt"/>
        <line num="721" count="0" type="stmt"/>
        <line num="722" count="0" type="stmt"/>
        <line num="723" count="0" type="stmt"/>
        <line num="725" count="0" type="cond" truecount="0" falsecount="2"/>
        <line num="726" count="0" type="stmt"/>
        <line num="727" count="0" type="stmt"/>
        <line num="728" count="0" type="cond" truecount="0" falsecount="2"/>
        <line num="733" count="0" type="cond" truecount="0" falsecount="2"/>
        <line num="734" count="0" type="stmt"/>
        <line num="735" count="0" type="stmt"/>
        <line num="736" count="0" type="cond" truecount="0" falsecount="2"/>
        <line num="749" count="0" type="stmt"/>
        <line num="750" count="0" type="stmt"/>
        <line num="751" count="0" type="stmt"/>
        <line num="754" count="0" type="stmt"/>
        <line num="755" count="0" type="stmt"/>
        <line num="758" count="0" type="stmt"/>
        <line num="770" count="0" type="stmt"/>
        <line num="791" count="0" type="stmt"/>
        <line num="797" count="0" type="stmt"/>
        <line num="798" count="0" type="stmt"/>
        <line num="799" count="0" type="stmt"/>
        <line num="809" count="56" type="cond" truecount="1" falsecount="1"/>
        <line num="810" count="0" type="stmt"/>
        <line num="813" count="56" type="stmt"/>
        <line num="822" count="2" type="stmt"/>
        <line num="832" count="5" type="stmt"/>
        <line num="941" count="0" type="stmt"/>
        <line num="943" count="0" type="stmt"/>
        <line num="946" count="0" type="stmt"/>
        <line num="966" count="0" type="stmt"/>
      </file>
      <file name="PasswordPrompt.tsx" path="C:\Users\DEVDUL\Documents\DEVELOPMENT\pdf-editor\src\components\PasswordPrompt.tsx">
        <metrics statements="33" coveredstatements="33" conditionals="45" coveredconditionals="38" methods="3" coveredmethods="3"/>
        <line num="13" count="95" type="stmt"/>
        <line num="14" count="95" type="stmt"/>
        <line num="16" count="95" type="cond" truecount="6" falsecount="0"/>
        <line num="18" count="72" type="stmt"/>
        <line num="19" count="5" type="stmt"/>
        <line num="20" count="5" type="stmt"/>
        <line num="21" count="5" type="stmt"/>
        <line num="22" count="72" type="cond" truecount="2" falsecount="0"/>
        <line num="25" count="72" type="stmt"/>
        <line num="27" count="15" type="stmt"/>
        <line num="28" count="15" type="stmt"/>
        <line num="33" count="72" type="cond" truecount="2" falsecount="0"/>
        <line num="35" count="72" type="cond" truecount="2" falsecount="0"/>
        <line num="37" count="72" type="cond" truecount="2" falsecount="0"/>
        <line num="39" count="15" type="stmt"/>
        <line num="41" count="72" type="cond" truecount="2" falsecount="0"/>
        <line num="43" count="72" type="stmt"/>
        <line num="44" count="72" type="stmt"/>
        <line num="45" count="72" type="stmt"/>
        <line num="49" count="57" type="stmt"/>
        <line num="50" count="95" type="cond" truecount="5" falsecount="1"/>
        <line num="52" count="72" type="cond" truecount="2" falsecount="0"/>
        <line num="53" count="16" type="cond" truecount="2" falsecount="0"/>
        <line num="57" count="72" type="cond" truecount="2" falsecount="2"/>
        <line num="58" count="72" type="cond" truecount="2" falsecount="0"/>
        <line num="60" count="15" type="stmt"/>
        <line num="61" count="15" type="stmt"/>
        <line num="63" count="72" type="cond" truecount="2" falsecount="0"/>
        <line num="64" count="15" type="stmt"/>
        <line num="66" count="72" type="cond" truecount="2" falsecount="0"/>
        <line num="67" count="72" type="cond" truecount="3" falsecount="2"/>
        <line num="68" count="72" type="cond" truecount="2" falsecount="2"/>
        <line num="70" count="72" type="stmt"/>
      </file>
      <file name="ThemeSwitcher.tsx" path="C:\Users\DEVDUL\Documents\DEVELOPMENT\pdf-editor\src\components\ThemeSwitcher.tsx">
        <metrics statements="23" coveredstatements="23" conditionals="32" coveredconditionals="22" methods="6" coveredmethods="6"/>
        <line num="6" count="68" type="stmt"/>
        <line num="7" count="68" type="stmt"/>
        <line num="8" count="68" type="cond" truecount="2" falsecount="0"/>
        <line num="11" count="68" type="stmt"/>
        <line num="12" count="68" type="cond" truecount="2" falsecount="0"/>
        <line num="13" count="68" type="cond" truecount="2" falsecount="0"/>
        <line num="14" count="51" type="stmt"/>
        <line num="18" count="68" type="cond" truecount="2" falsecount="0"/>
        <line num="24" count="68" type="cond" truecount="2" falsecount="0"/>
        <line num="26" count="194" type="cond" truecount="1" falsecount="1"/>
        <line num="29" count="68" type="stmt"/>
        <line num="30" count="68" type="stmt"/>
        <line num="33" count="68" type="stmt"/>
        <line num="34" count="68" type="cond" truecount="1" falsecount="1"/>
        <line num="36" count="68" type="cond" truecount="2" falsecount="3"/>
        <line num="37" count="68" type="cond" truecount="2" falsecount="3"/>
        <line num="39" count="68" type="cond" truecount="2" falsecount="0"/>
        <line num="44" count="1" type="stmt"/>
        <line num="51" count="40" type="stmt"/>
        <line num="54" count="5" type="stmt"/>
        <line num="55" count="5" type="stmt"/>
        <line num="70" count="68" type="cond" truecount="2" falsecount="2"/>
        <line num="71" count="68" type="stmt"/>
      </file>
    </package>
    <package name="src.components.ui">
      <metrics statements="59" coveredstatements="24" conditionals="107" coveredconditionals="30" methods="11" coveredmethods="4"/>
      <file name="button.tsx" path="C:\Users\DEVDUL\Documents\DEVELOPMENT\pdf-editor\src\components\ui\button.tsx">
        <metrics statements="8" coveredstatements="7" conditionals="15" coveredconditionals="12" methods="1" coveredmethods="1"/>
        <line num="6" count="7" type="stmt"/>
        <line num="36" count="803" type="cond" truecount="1" falsecount="1"/>
        <line num="38" count="803" type="cond" truecount="2" falsecount="0"/>
        <line num="39" count="803" type="cond" truecount="7" falsecount="0"/>
        <line num="41" count="0" type="stmt"/>
        <line num="43" count="803" type="stmt"/>
        <line num="45" count="803" type="cond" truecount="2" falsecount="2"/>
        <line num="47" count="803" type="stmt"/>
      </file>
      <file name="card.tsx" path="C:\Users\DEVDUL\Documents\DEVELOPMENT\pdf-editor\src\components\ui\card.tsx">
        <metrics statements="32" coveredstatements="5" conditionals="59" coveredconditionals="5" methods="7" coveredmethods="1"/>
        <line num="5" count="15" type="cond" truecount="1" falsecount="1"/>
        <line num="7" count="15" type="cond" truecount="2" falsecount="2"/>
        <line num="9" count="0" type="stmt"/>
        <line num="11" count="15" type="stmt"/>
        <line num="14" count="15" type="cond" truecount="2" falsecount="3"/>
        <line num="16" count="15" type="stmt"/>
        <line num="20" count="0" type="cond" truecount="0" falsecount="4"/>
        <line num="22" count="0" type="stmt"/>
        <line num="24" count="0" type="stmt"/>
        <line num="27" count="0" type="cond" truecount="0" falsecount="4"/>
        <line num="29" count="0" type="stmt"/>
        <line num="33" count="0" type="cond" truecount="0" falsecount="4"/>
        <line num="35" count="0" type="stmt"/>
        <line num="37" count="0" type="cond" truecount="0" falsecount="4"/>
        <line num="39" count="0" type="stmt"/>
        <line num="43" count="0" type="cond" truecount="0" falsecount="4"/>
        <line num="45" count="0" type="stmt"/>
        <line num="47" count="0" type="cond" truecount="0" falsecount="4"/>
        <line num="49" count="0" type="stmt"/>
        <line num="53" count="0" type="cond" truecount="0" falsecount="4"/>
        <line num="55" count="0" type="stmt"/>
        <line num="57" count="0" type="stmt"/>
        <line num="60" count="0" type="cond" truecount="0" falsecount="4"/>
        <line num="62" count="0" type="stmt"/>
        <line num="66" count="0" type="cond" truecount="0" falsecount="4"/>
        <line num="68" count="0" type="stmt"/>
        <line num="70" count="0" type="cond" truecount="0" falsecount="4"/>
        <line num="72" count="0" type="stmt"/>
        <line num="76" count="0" type="cond" truecount="0" falsecount="4"/>
        <line num="78" count="0" type="stmt"/>
        <line num="80" count="0" type="cond" truecount="0" falsecount="4"/>
        <line num="82" count="0" type="stmt"/>
      </file>
      <file name="checkbox.tsx" path="C:\Users\DEVDUL\Documents\DEVELOPMENT\pdf-editor\src\components\ui\checkbox.tsx">
        <metrics statements="7" coveredstatements="0" conditionals="10" coveredconditionals="0" methods="1" coveredmethods="0"/>
        <line num="6" count="0" type="cond" truecount="0" falsecount="4"/>
        <line num="8" count="0" type="stmt"/>
        <line num="10" count="0" type="stmt"/>
        <line num="13" count="0" type="cond" truecount="0" falsecount="2"/>
        <line num="16" count="0" type="stmt"/>
        <line num="22" count="0" type="cond" truecount="0" falsecount="4"/>
        <line num="23" count="0" type="stmt"/>
      </file>
      <file name="input.tsx" path="C:\Users\DEVDUL\Documents\DEVELOPMENT\pdf-editor\src\components\ui\input.tsx">
        <metrics statements="5" coveredstatements="5" conditionals="9" coveredconditionals="5" methods="1" coveredmethods="1"/>
        <line num="6" count="72" type="cond" truecount="3" falsecount="1"/>
        <line num="8" count="72" type="stmt"/>
        <line num="11" count="16" type="stmt"/>
        <line num="14" count="72" type="cond" truecount="2" falsecount="3"/>
        <line num="16" count="72" type="stmt"/>
      </file>
      <file name="loading-spinner.tsx" path="C:\Users\DEVDUL\Documents\DEVELOPMENT\pdf-editor\src\components\ui\loading-spinner.tsx">
        <metrics statements="7" coveredstatements="7" conditionals="14" coveredconditionals="8" methods="1" coveredmethods="1"/>
        <line num="7" count="15" type="cond" truecount="5" falsecount="3"/>
        <line num="8" count="15" type="stmt"/>
        <line num="16" count="15" type="stmt"/>
        <line num="17" count="15" type="stmt"/>
        <line num="21" count="15" type="cond" truecount="1" falsecount="1"/>
        <line num="24" count="15" type="cond" truecount="2" falsecount="2"/>
        <line num="25" count="15" type="stmt"/>
      </file>
    </package>
    <package name="src.contexts">
      <metrics statements="34" coveredstatements="26" conditionals="30" coveredconditionals="14" methods="6" coveredmethods="4"/>
      <file name="ThemeContext.tsx" path="C:\Users\DEVDUL\Documents\DEVELOPMENT\pdf-editor\src\contexts\ThemeContext.tsx">
        <metrics statements="34" coveredstatements="26" conditionals="30" coveredconditionals="14" methods="6" coveredmethods="4"/>
        <line num="11" count="1" type="stmt"/>
        <line num="13" count="1" type="stmt"/>
        <line num="14" count="0" type="stmt"/>
        <line num="15" count="0" type="cond" truecount="0" falsecount="2"/>
        <line num="16" count="0" type="stmt"/>
        <line num="17" count="0" type="stmt"/>
        <line num="25" count="9" type="stmt"/>
        <line num="26" count="9" type="stmt"/>
        <line num="27" count="9" type="cond" truecount="3" falsecount="1"/>
        <line num="30" count="9" type="stmt"/>
        <line num="34" count="9" type="stmt"/>
        <line num="36" count="9" type="cond" truecount="1" falsecount="1"/>
        <line num="38" count="9" type="stmt"/>
        <line num="39" count="9" type="cond" truecount="1" falsecount="1"/>
        <line num="41" count="9" type="stmt"/>
        <line num="42" count="9" type="stmt"/>
        <line num="44" count="9" type="stmt"/>
        <line num="46" count="9" type="stmt"/>
        <line num="50" count="9" type="cond" truecount="1" falsecount="1"/>
        <line num="51" count="9" type="cond" truecount="1" falsecount="1"/>
        <line num="53" count="0" type="stmt"/>
        <line num="57" count="9" type="stmt"/>
        <line num="58" count="9" type="stmt"/>
        <line num="61" count="9" type="stmt"/>
        <line num="64" count="9" type="stmt"/>
        <line num="67" count="9" type="stmt"/>
        <line num="69" count="9" type="cond" truecount="1" falsecount="1"/>
        <line num="71" count="9" type="stmt"/>
        <line num="72" count="0" type="stmt"/>
        <line num="73" count="0" type="cond" truecount="0" falsecount="4"/>
        <line num="74" count="0" type="stmt"/>
        <line num="76" count="9" type="cond" truecount="2" falsecount="2"/>
        <line num="79" count="9" type="cond" truecount="2" falsecount="2"/>
        <line num="81" count="9" type="stmt"/>
      </file>
    </package>
    <package name="src.lib">
      <metrics statements="1" coveredstatements="1" conditionals="0" coveredconditionals="0" methods="1" coveredmethods="1"/>
      <file name="utils.ts" path="C:\Users\DEVDUL\Documents\DEVELOPMENT\pdf-editor\src\lib\utils.ts">
        <metrics statements="1" coveredstatements="1" conditionals="0" coveredconditionals="0" methods="1" coveredmethods="1"/>
        <line num="5" count="690" type="stmt"/>
      </file>
    </package>
    <package name="src.services">
      <metrics statements="70" coveredstatements="43" conditionals="37" coveredconditionals="21" methods="10" coveredmethods="6"/>
      <file name="pdfEditor.ts" path="C:\Users\DEVDUL\Documents\DEVELOPMENT\pdf-editor\src\services\pdfEditor.ts">
        <metrics statements="70" coveredstatements="43" conditionals="37" coveredconditionals="21" methods="10" coveredmethods="6"/>
        <line num="25" count="13" type="stmt"/>
        <line num="26" count="13" type="stmt"/>
        <line num="27" count="13" type="stmt"/>
        <line num="30" count="0" type="stmt"/>
        <line num="34" count="11" type="stmt"/>
        <line num="35" count="11" type="stmt"/>
        <line num="36" count="11" type="stmt"/>
        <line num="38" count="11" type="stmt"/>
        <line num="42" count="11" type="cond" truecount="2" falsecount="0"/>
        <line num="45" count="4" type="stmt"/>
        <line num="51" count="7" type="stmt"/>
        <line num="56" count="2" type="stmt"/>
        <line num="58" count="2" type="cond" truecount="1" falsecount="1"/>
        <line num="59" count="2" type="cond" truecount="1" falsecount="1"/>
        <line num="62" count="2" type="cond" truecount="4" falsecount="0"/>
        <line num="64" count="1" type="stmt"/>
        <line num="68" count="1" type="stmt"/>
        <line num="73" count="3" type="cond" truecount="2" falsecount="0"/>
        <line num="76" count="2" type="cond" truecount="3" falsecount="1"/>
        <line num="77" count="0" type="stmt"/>
        <line num="78" count="0" type="stmt"/>
        <line num="81" count="2" type="stmt"/>
        <line num="82" count="2" type="stmt"/>
        <line num="84" count="2" type="stmt"/>
        <line num="86" count="2" type="stmt"/>
        <line num="87" count="2" type="cond" truecount="2" falsecount="2"/>
        <line num="88" count="0" type="stmt"/>
        <line num="89" count="2" type="cond" truecount="1" falsecount="1"/>
        <line num="90" count="0" type="stmt"/>
        <line num="91" count="2" type="cond" truecount="1" falsecount="1"/>
        <line num="92" count="0" type="stmt"/>
        <line num="95" count="2" type="stmt"/>
        <line num="97" count="2" type="stmt"/>
        <line num="107" count="1" type="cond" truecount="1" falsecount="1"/>
        <line num="109" count="1" type="stmt"/>
        <line num="110" count="1" type="stmt"/>
        <line num="112" count="1" type="stmt"/>
        <line num="114" count="1" type="stmt"/>
        <line num="116" count="1" type="stmt"/>
        <line num="117" count="1" type="stmt"/>
        <line num="118" count="70" type="stmt"/>
        <line num="122" count="1" type="cond" truecount="1" falsecount="1"/>
        <line num="123" count="1" type="stmt"/>
        <line num="125" count="0" type="stmt"/>
        <line num="128" count="1" type="stmt"/>
        <line num="135" count="0" type="stmt"/>
        <line num="136" count="0" type="stmt"/>
        <line num="141" count="0" type="cond" truecount="0" falsecount="2"/>
        <line num="143" count="0" type="stmt"/>
        <line num="144" count="0" type="stmt"/>
        <line num="146" count="0" type="stmt"/>
        <line num="147" count="0" type="cond" truecount="0" falsecount="2"/>
        <line num="148" count="0" type="stmt"/>
        <line num="149" count="0" type="stmt"/>
        <line num="150" count="0" type="stmt"/>
        <line num="152" count="0" type="stmt"/>
        <line num="158" count="1" type="cond" truecount="1" falsecount="1"/>
        <line num="159" count="1" type="stmt"/>
        <line num="163" count="0" type="stmt"/>
        <line num="164" count="0" type="stmt"/>
        <line num="165" count="0" type="stmt"/>
        <line num="166" count="0" type="stmt"/>
        <line num="168" count="0" type="stmt"/>
        <line num="169" count="0" type="stmt"/>
        <line num="170" count="0" type="stmt"/>
        <line num="171" count="0" type="stmt"/>
        <line num="173" count="0" type="stmt"/>
        <line num="177" count="1" type="stmt"/>
        <line num="178" count="1" type="stmt"/>
        <line num="182" count="2" type="stmt"/>
      </file>
    </package>
    <package name="src.stores">
      <metrics statements="21" coveredstatements="19" conditionals="10" coveredconditionals="6" methods="5" coveredmethods="4"/>
      <file name="themeStore.ts" path="C:\Users\DEVDUL\Documents\DEVELOPMENT\pdf-editor\src\stores\themeStore.ts">
        <metrics statements="21" coveredstatements="19" conditionals="10" coveredconditionals="6" methods="5" coveredmethods="4"/>
        <line num="13" count="4" type="stmt"/>
        <line num="15" count="4" type="stmt"/>
        <line num="20" count="12" type="stmt"/>
        <line num="21" count="12" type="stmt"/>
        <line num="25" count="18" type="cond" truecount="1" falsecount="1"/>
        <line num="27" count="18" type="stmt"/>
        <line num="28" count="18" type="stmt"/>
        <line num="29" count="18" type="stmt"/>
        <line num="32" count="18" type="stmt"/>
        <line num="36" count="18" type="cond" truecount="2" falsecount="0"/>
        <line num="37" count="8" type="cond" truecount="2" falsecount="0"/>
        <line num="39" count="10" type="stmt"/>
        <line num="43" count="18" type="stmt"/>
        <line num="44" count="18" type="stmt"/>
        <line num="49" count="30" type="stmt"/>
        <line num="55" count="4" type="cond" truecount="1" falsecount="1"/>
        <line num="56" count="4" type="stmt"/>
        <line num="59" count="4" type="stmt"/>
        <line num="62" count="4" type="stmt"/>
        <line num="63" count="0" type="cond" truecount="0" falsecount="2"/>
        <line num="64" count="0" type="stmt"/>
      </file>
    </package>
  </project>
</coverage>
