{"C:\\Users\\DEVDUL\\Documents\\DEVELOPMENT\\pdf-editor\\src\\App.tsx": {"path":"C:\\Users\\DEVDUL\\Documents\\DEVELOPMENT\\pdf-editor\\src\\App.tsx","statementMap":{"0":{"start":{"line":10,"column":6},"end":{"line":10,"column":null}},"1":{"start":{"line":10,"column":29},"end":{"line":10,"column":null}},"2":{"start":{"line":12,"column":0},"end":{"line":12,"column":null}},"3":{"start":{"line":13,"column":2},"end":{"line":13,"column":null}},"4":{"start":{"line":14,"column":2},"end":{"line":14,"column":null}},"5":{"start":{"line":15,"column":2},"end":{"line":15,"column":null}},"6":{"start":{"line":16,"column":2},"end":{"line":16,"column":null}},"7":{"start":{"line":17,"column":2},"end":{"line":17,"column":null}},"8":{"start":{"line":18,"column":2},"end":{"line":18,"column":58}},"9":{"start":{"line":18,"column":58},"end":{"line":47,"column":4}},"10":{"start":{"line":20,"column":19},"end":{"line":46,"column":null}},"11":{"start":{"line":21,"column":4},"end":{"line":45,"column":null}},"12":{"start":{"line":22,"column":6},"end":{"line":22,"column":null}},"13":{"start":{"line":23,"column":6},"end":{"line":23,"column":null}},"14":{"start":{"line":24,"column":6},"end":{"line":24,"column":null}},"15":{"start":{"line":25,"column":6},"end":{"line":25,"column":null}},"16":{"start":{"line":26,"column":6},"end":{"line":26,"column":null}},"17":{"start":{"line":27,"column":6},"end":{"line":27,"column":null}},"18":{"start":{"line":28,"column":6},"end":{"line":28,"column":20}},"19":{"start":{"line":28,"column":20},"end":{"line":29,"column":17}},"20":{"start":{"line":30,"column":13},"end":{"line":30,"column":null}},"21":{"start":{"line":31,"column":6},"end":{"line":31,"column":null}},"22":{"start":{"line":32,"column":6},"end":{"line":36,"column":null}},"23":{"start":{"line":33,"column":8},"end":{"line":33,"column":null}},"24":{"start":{"line":34,"column":8},"end":{"line":34,"column":null}},"25":{"start":{"line":35,"column":8},"end":{"line":35,"column":38}},"26":{"start":{"line":35,"column":38},"end":{"line":36,"column":20}},"27":{"start":{"line":39,"column":27},"end":{"line":39,"column":null}},"28":{"start":{"line":40,"column":6},"end":{"line":43,"column":null}},"29":{"start":{"line":41,"column":8},"end":{"line":41,"column":71}},"30":{"start":{"line":43,"column":8},"end":{"line":43,"column":55}},"31":{"start":{"line":44,"column":7},"end":{"line":45,"column":18}},"32":{"start":{"line":47,"column":3},"end":{"line":47,"column":4}},"33":{"start":{"line":20,"column":19},"end":{"line":20,"column":null}},"34":{"start":{"line":47,"column":4},"end":{"line":53,"column":4}},"35":{"start":{"line":49,"column":31},"end":{"line":52,"column":null}},"36":{"start":{"line":50,"column":4},"end":{"line":51,"column":null}},"37":{"start":{"line":51,"column":6},"end":{"line":51,"column":37}},"38":{"start":{"line":53,"column":3},"end":{"line":53,"column":4}},"39":{"start":{"line":49,"column":31},"end":{"line":49,"column":null}},"40":{"start":{"line":53,"column":4},"end":{"line":59,"column":4}},"41":{"start":{"line":55,"column":31},"end":{"line":58,"column":null}},"42":{"start":{"line":56,"column":4},"end":{"line":56,"column":null}},"43":{"start":{"line":57,"column":4},"end":{"line":57,"column":null}},"44":{"start":{"line":58,"column":4},"end":{"line":58,"column":29}},"45":{"start":{"line":59,"column":3},"end":{"line":59,"column":4}},"46":{"start":{"line":55,"column":31},"end":{"line":55,"column":null}},"47":{"start":{"line":59,"column":4},"end":{"line":64,"column":9}},"48":{"start":{"line":61,"column":39},"end":{"line":63,"column":null}},"49":{"start":{"line":62,"column":4},"end":{"line":62,"column":null}},"50":{"start":{"line":63,"column":4},"end":{"line":63,"column":18}},"51":{"start":{"line":64,"column":3},"end":{"line":64,"column":9}},"52":{"start":{"line":61,"column":27},"end":{"line":61,"column":39}},"53":{"start":{"line":64,"column":9},"end":{"line":73,"column":17}},"54":{"start":{"line":66,"column":33},"end":{"line":72,"column":null}},"55":{"start":{"line":67,"column":4},"end":{"line":71,"column":null}},"56":{"start":{"line":68,"column":6},"end":{"line":68,"column":50}},"57":{"start":{"line":69,"column":13},"end":{"line":69,"column":null}},"58":{"start":{"line":70,"column":6},"end":{"line":70,"column":null}},"59":{"start":{"line":71,"column":6},"end":{"line":71,"column":33}},"60":{"start":{"line":73,"column":3},"end":{"line":73,"column":17}},"61":{"start":{"line":66,"column":21},"end":{"line":66,"column":33}},"62":{"start":{"line":73,"column":17},"end":{"line":88,"column":null}},"63":{"start":{"line":75,"column":35},"end":{"line":87,"column":null}},"64":{"start":{"line":76,"column":24},"end":{"line":79,"column":null}},"65":{"start":{"line":80,"column":4},"end":{"line":86,"column":null}},"66":{"start":{"line":81,"column":6},"end":{"line":85,"column":null}},"67":{"start":{"line":82,"column":8},"end":{"line":82,"column":64}},"68":{"start":{"line":83,"column":15},"end":{"line":83,"column":null}},"69":{"start":{"line":84,"column":8},"end":{"line":84,"column":null}},"70":{"start":{"line":85,"column":8},"end":{"line":85,"column":35}},"71":{"start":{"line":88,"column":3},"end":{"line":88,"column":null}},"72":{"start":{"line":75,"column":23},"end":{"line":75,"column":35}},"73":{"start":{"line":90,"column":22},"end":{"line":90,"column":null}},"74":{"start":{"line":138,"column":9},"end":{"line":148,"column":9}},"75":{"start":{"line":140,"column":32},"end":{"line":147,"column":null}},"76":{"start":{"line":141,"column":4},"end":{"line":146,"column":null}},"77":{"start":{"line":144,"column":6},"end":{"line":144,"column":null}},"78":{"start":{"line":145,"column":6},"end":{"line":145,"column":null}},"79":{"start":{"line":146,"column":6},"end":{"line":146,"column":30}},"80":{"start":{"line":148,"column":3},"end":{"line":148,"column":9}},"81":{"start":{"line":140,"column":20},"end":{"line":140,"column":32}},"82":{"start":{"line":148,"column":9},"end":{"line":157,"column":null}},"83":{"start":{"line":152,"column":6},"end":{"line":156,"column":null}},"84":{"start":{"line":157,"column":8},"end":{"line":157,"column":null}},"85":{"start":{"line":164,"column":21},"end":{"line":164,"column":34}},"86":{"start":{"line":164,"column":34},"end":{"line":165,"column":null}},"87":{"start":{"line":159,"column":6},"end":{"line":164,"column":null}},"88":{"start":{"line":165,"column":8},"end":{"line":165,"column":null}},"89":{"start":{"line":165,"column":8},"end":{"line":176,"column":null}},"90":{"start":{"line":169,"column":10},"end":{"line":176,"column":16}},"91":{"start":{"line":176,"column":16},"end":{"line":176,"column":null}},"92":{"start":{"line":176,"column":16},"end":{"line":189,"column":null}},"93":{"start":{"line":178,"column":11},"end":{"line":188,"column":null}},"94":{"start":{"line":189,"column":11},"end":{"line":189,"column":null}},"95":{"start":{"line":189,"column":11},"end":{"line":204,"column":null}},"96":{"start":{"line":191,"column":11},"end":{"line":203,"column":null}},"97":{"start":{"line":204,"column":11},"end":{"line":204,"column":null}},"98":{"start":{"line":204,"column":11},"end":{"line":206,"column":null}},"99":{"start":{"line":167,"column":6},"end":{"line":206,"column":13}},"100":{"start":{"line":206,"column":13},"end":{"line":206,"column":null}},"101":{"start":{"line":206,"column":13},"end":{"line":208,"column":null}},"102":{"start":{"line":208,"column":6},"end":{"line":208,"column":230}},"103":{"start":{"line":208,"column":230},"end":{"line":208,"column":null}},"104":{"start":{"line":208,"column":230},"end":{"line":209,"column":null}},"105":{"start":{"line":151,"column":4},"end":{"line":209,"column":10}},"106":{"start":{"line":209,"column":10},"end":{"line":209,"column":null}},"107":{"start":{"line":209,"column":10},"end":{"line":151,"column":19}},"108":{"start":{"line":91,"column":4},"end":{"line":136,"column":null}},"109":{"start":{"line":92,"column":23},"end":{"line":92,"column":null}},"110":{"start":{"line":93,"column":19},"end":{"line":95,"column":null}},"111":{"start":{"line":96,"column":18},"end":{"line":96,"column":null}},"112":{"start":{"line":99,"column":21},"end":{"line":99,"column":null}},"113":{"start":{"line":100,"column":6},"end":{"line":100,"column":null}},"114":{"start":{"line":101,"column":6},"end":{"line":101,"column":null}},"115":{"start":{"line":102,"column":6},"end":{"line":102,"column":null}},"116":{"start":{"line":103,"column":6},"end":{"line":103,"column":null}},"117":{"start":{"line":104,"column":6},"end":{"line":104,"column":null}},"118":{"start":{"line":105,"column":6},"end":{"line":105,"column":null}},"119":{"start":{"line":108,"column":6},"end":{"line":117,"column":null}},"120":{"start":{"line":109,"column":8},"end":{"line":116,"column":null}},"121":{"start":{"line":111,"column":10},"end":{"line":113,"column":17}},"122":{"start":{"line":112,"column":12},"end":{"line":112,"column":41}},"123":{"start":{"line":114,"column":17},"end":{"line":114,"column":null}},"124":{"start":{"line":115,"column":10},"end":{"line":115,"column":null}},"125":{"start":{"line":116,"column":10},"end":{"line":116,"column":46}},"126":{"start":{"line":120,"column":6},"end":{"line":120,"column":null}},"127":{"start":{"line":121,"column":6},"end":{"line":121,"column":null}},"128":{"start":{"line":124,"column":6},"end":{"line":133,"column":14}},"129":{"start":{"line":125,"column":8},"end":{"line":131,"column":null}},"130":{"start":{"line":126,"column":10},"end":{"line":127,"column":null}},"131":{"start":{"line":127,"column":12},"end":{"line":127,"column":45}},"132":{"start":{"line":129,"column":10},"end":{"line":129,"column":34}},"133":{"start":{"line":130,"column":17},"end":{"line":130,"column":null}},"134":{"start":{"line":131,"column":10},"end":{"line":131,"column":63}},"135":{"start":{"line":134,"column":13},"end":{"line":134,"column":null}},"136":{"start":{"line":135,"column":6},"end":{"line":135,"column":null}},"137":{"start":{"line":136,"column":6},"end":{"line":136,"column":34}}},"fnMap":{"0":{"name":"(anonymous_0)","decl":{"start":{"line":10,"column":23},"end":{"line":10,"column":29}},"loc":{"start":{"line":10,"column":29},"end":{"line":10,"column":null}},"line":10},"1":{"name":"App","decl":{"start":{"line":12,"column":0},"end":{"line":12,"column":null}},"loc":{"start":{"line":12,"column":0},"end":{"line":209,"column":null}},"line":12},"2":{"name":"(anonymous_2)","decl":{"start":{"line":20,"column":19},"end":{"line":20,"column":null}},"loc":{"start":{"line":20,"column":19},"end":{"line":46,"column":null}},"line":20},"3":{"name":"(anonymous_3)","decl":{"start":{"line":49,"column":31},"end":{"line":49,"column":null}},"loc":{"start":{"line":49,"column":31},"end":{"line":52,"column":null}},"line":49},"4":{"name":"(anonymous_4)","decl":{"start":{"line":55,"column":31},"end":{"line":55,"column":null}},"loc":{"start":{"line":55,"column":31},"end":{"line":58,"column":null}},"line":55},"5":{"name":"(anonymous_5)","decl":{"start":{"line":61,"column":39},"end":{"line":61,"column":null}},"loc":{"start":{"line":61,"column":39},"end":{"line":63,"column":null}},"line":61},"6":{"name":"(anonymous_6)","decl":{"start":{"line":66,"column":33},"end":{"line":66,"column":null}},"loc":{"start":{"line":66,"column":33},"end":{"line":72,"column":null}},"line":66},"7":{"name":"(anonymous_7)","decl":{"start":{"line":75,"column":35},"end":{"line":75,"column":null}},"loc":{"start":{"line":75,"column":35},"end":{"line":87,"column":null}},"line":75},"8":{"name":"(anonymous_8)","decl":{"start":{"line":140,"column":32},"end":{"line":140,"column":null}},"loc":{"start":{"line":140,"column":32},"end":{"line":147,"column":null}},"line":140},"9":{"name":"(anonymous_9)","decl":{"start":{"line":108,"column":22},"end":{"line":108,"column":null}},"loc":{"start":{"line":108,"column":22},"end":{"line":117,"column":null}},"line":108},"10":{"name":"(anonymous_10)","decl":{"start":{"line":111,"column":21},"end":{"line":111,"column":null}},"loc":{"start":{"line":111,"column":21},"end":{"line":112,"column":null}},"line":111},"11":{"name":"(anonymous_11)","decl":{"start":{"line":124,"column":17},"end":{"line":124,"column":null}},"loc":{"start":{"line":124,"column":17},"end":{"line":132,"column":null}},"line":124}},"branchMap":{"0":{"loc":{"start":{"line":18,"column":58},"end":{"line":47,"column":4}},"type":"if","locations":[{"start":{"line":18,"column":58},"end":{"line":47,"column":4}},{"start":{"line":47,"column":3},"end":{"line":47,"column":4}}],"line":18},"1":{"loc":{"start":{"line":32,"column":6},"end":{"line":36,"column":null}},"type":"if","locations":[{"start":{"line":32,"column":6},"end":{"line":36,"column":null}},{"start":{},"end":{}}],"line":32},"2":{"loc":{"start":{"line":39,"column":27},"end":{"line":39,"column":null}},"type":"binary-expr","locations":[{"start":{"line":39,"column":27},"end":{"line":39,"column":44}},{"start":{"line":39,"column":44},"end":{"line":39,"column":null}}],"line":39},"3":{"loc":{"start":{"line":40,"column":6},"end":{"line":43,"column":null}},"type":"if","locations":[{"start":{"line":40,"column":6},"end":{"line":43,"column":null}},{"start":{"line":41,"column":71},"end":{"line":43,"column":null}}],"line":40},"4":{"loc":{"start":{"line":40,"column":10},"end":{"line":40,"column":87}},"type":"binary-expr","locations":[{"start":{"line":40,"column":10},"end":{"line":40,"column":87}},{"start":{"line":40,"column":57},"end":{"line":40,"column":87}}],"line":40},"5":{"loc":{"start":{"line":47,"column":4},"end":{"line":53,"column":4}},"type":"if","locations":[{"start":{"line":47,"column":4},"end":{"line":53,"column":4}},{"start":{"line":53,"column":3},"end":{"line":53,"column":4}}],"line":47},"6":{"loc":{"start":{"line":50,"column":4},"end":{"line":51,"column":null}},"type":"if","locations":[{"start":{"line":50,"column":4},"end":{"line":51,"column":null}},{"start":{},"end":{}}],"line":50},"7":{"loc":{"start":{"line":53,"column":4},"end":{"line":59,"column":4}},"type":"if","locations":[{"start":{"line":53,"column":4},"end":{"line":59,"column":4}},{"start":{"line":59,"column":3},"end":{"line":59,"column":4}}],"line":53},"8":{"loc":{"start":{"line":59,"column":4},"end":{"line":64,"column":9}},"type":"if","locations":[{"start":{"line":59,"column":4},"end":{"line":64,"column":9}},{"start":{"line":64,"column":3},"end":{"line":64,"column":9}}],"line":59},"9":{"loc":{"start":{"line":64,"column":9},"end":{"line":73,"column":17}},"type":"if","locations":[{"start":{"line":64,"column":9},"end":{"line":73,"column":17}},{"start":{"line":73,"column":3},"end":{"line":73,"column":17}}],"line":64},"10":{"loc":{"start":{"line":73,"column":17},"end":{"line":88,"column":null}},"type":"if","locations":[{"start":{"line":73,"column":17},"end":{"line":88,"column":null}},{"start":{"line":88,"column":3},"end":{"line":88,"column":null}}],"line":73},"11":{"loc":{"start":{"line":80,"column":4},"end":{"line":86,"column":null}},"type":"if","locations":[{"start":{"line":80,"column":4},"end":{"line":86,"column":null}},{"start":{},"end":{}}],"line":80},"12":{"loc":{"start":{"line":138,"column":9},"end":{"line":148,"column":9}},"type":"if","locations":[{"start":{"line":138,"column":9},"end":{"line":148,"column":9}},{"start":{"line":148,"column":3},"end":{"line":148,"column":9}}],"line":138},"13":{"loc":{"start":{"line":141,"column":4},"end":{"line":146,"column":null}},"type":"if","locations":[{"start":{"line":141,"column":4},"end":{"line":146,"column":null}},{"start":{},"end":{}}],"line":141},"14":{"loc":{"start":{"line":148,"column":9},"end":{"line":157,"column":null}},"type":"if","locations":[{"start":{"line":148,"column":9},"end":{"line":157,"column":null}},{"start":{"line":157,"column":8},"end":{"line":157,"column":null}}],"line":148},"15":{"loc":{"start":{"line":148,"column":9},"end":{"line":148,"column":null}},"type":"binary-expr","locations":[{"start":{"line":148,"column":9},"end":{"line":148,"column":null}},{"start":{"line":148,"column":9},"end":{"line":148,"column":null}},{"start":{"line":148,"column":9},"end":{"line":148,"column":null}}],"line":148},"16":{"loc":{"start":{"line":164,"column":34},"end":{"line":165,"column":null}},"type":"if","locations":[{"start":{"line":164,"column":34},"end":{"line":165,"column":null}},{"start":{"line":165,"column":8},"end":{"line":165,"column":null}}],"line":164},"17":{"loc":{"start":{"line":164,"column":34},"end":{"line":164,"column":null}},"type":"binary-expr","locations":[{"start":{"line":164,"column":34},"end":{"line":164,"column":null}},{"start":{"line":164,"column":34},"end":{"line":164,"column":null}},{"start":{"line":164,"column":34},"end":{"line":164,"column":null}}],"line":164},"18":{"loc":{"start":{"line":165,"column":8},"end":{"line":176,"column":null}},"type":"if","locations":[{"start":{"line":165,"column":8},"end":{"line":176,"column":null}},{"start":{"line":176,"column":16},"end":{"line":176,"column":null}}],"line":165},"19":{"loc":{"start":{"line":176,"column":16},"end":{"line":189,"column":null}},"type":"if","locations":[{"start":{"line":176,"column":16},"end":{"line":189,"column":null}},{"start":{"line":189,"column":11},"end":{"line":189,"column":null}}],"line":176},"20":{"loc":{"start":{"line":176,"column":16},"end":{"line":176,"column":null}},"type":"binary-expr","locations":[{"start":{"line":176,"column":16},"end":{"line":176,"column":null}},{"start":{"line":176,"column":16},"end":{"line":176,"column":null}}],"line":176},"21":{"loc":{"start":{"line":178,"column":11},"end":{"line":188,"column":null}},"type":"binary-expr","locations":[{"start":{"line":178,"column":11},"end":{"line":178,"column":null}},{"start":{"line":179,"column":12},"end":{"line":188,"column":null}}],"line":178},"22":{"loc":{"start":{"line":182,"column":15},"end":{"line":186,"column":null}},"type":"binary-expr","locations":[{"start":{"line":182,"column":15},"end":{"line":182,"column":null}},{"start":{"line":183,"column":16},"end":{"line":186,"column":null}}],"line":182},"23":{"loc":{"start":{"line":189,"column":11},"end":{"line":204,"column":null}},"type":"if","locations":[{"start":{"line":189,"column":11},"end":{"line":204,"column":null}},{"start":{"line":204,"column":11},"end":{"line":204,"column":null}}],"line":189},"24":{"loc":{"start":{"line":191,"column":11},"end":{"line":203,"column":null}},"type":"binary-expr","locations":[{"start":{"line":191,"column":11},"end":{"line":191,"column":null}},{"start":{"line":192,"column":12},"end":{"line":203,"column":null}}],"line":191},"25":{"loc":{"start":{"line":204,"column":11},"end":{"line":206,"column":null}},"type":"if","locations":[{"start":{"line":204,"column":11},"end":{"line":206,"column":null}},{"start":{"line":206,"column":13},"end":{"line":206,"column":null}}],"line":204},"26":{"loc":{"start":{"line":204,"column":11},"end":{"line":204,"column":null}},"type":"binary-expr","locations":[{"start":{"line":204,"column":11},"end":{"line":204,"column":null}},{"start":{"line":204,"column":11},"end":{"line":204,"column":null}}],"line":204},"27":{"loc":{"start":{"line":206,"column":13},"end":{"line":208,"column":null}},"type":"if","locations":[{"start":{"line":206,"column":13},"end":{"line":208,"column":null}},{"start":{"line":208,"column":230},"end":{"line":208,"column":null}}],"line":206},"28":{"loc":{"start":{"line":208,"column":230},"end":{"line":209,"column":null}},"type":"if","locations":[{"start":{"line":208,"column":230},"end":{"line":209,"column":null}},{"start":{"line":209,"column":10},"end":{"line":209,"column":null}}],"line":208},"29":{"loc":{"start":{"line":208,"column":230},"end":{"line":208,"column":null}},"type":"binary-expr","locations":[{"start":{"line":208,"column":230},"end":{"line":208,"column":null}},{"start":{"line":208,"column":230},"end":{"line":208,"column":null}},{"start":{"line":208,"column":230},"end":{"line":208,"column":null}}],"line":208},"30":{"loc":{"start":{"line":126,"column":10},"end":{"line":127,"column":null}},"type":"if","locations":[{"start":{"line":126,"column":10},"end":{"line":127,"column":null}},{"start":{},"end":{}}],"line":126}},"s":{"0":2,"1":2,"2":56,"3":56,"4":56,"5":56,"6":56,"7":56,"8":56,"9":56,"10":20,"11":18,"12":18,"13":11,"14":11,"15":11,"16":11,"17":11,"18":11,"19":11,"20":7,"21":7,"22":7,"23":5,"24":5,"25":5,"26":5,"27":2,"28":7,"29":1,"30":1,"31":2,"32":36,"33":56,"34":56,"35":26,"36":2,"37":2,"38":30,"39":56,"40":56,"41":20,"42":1,"43":1,"44":1,"45":36,"46":56,"47":56,"48":20,"49":16,"50":16,"51":36,"52":56,"53":56,"54":32,"55":1,"56":1,"57":0,"58":0,"59":0,"60":24,"61":56,"62":56,"63":32,"64":0,"65":0,"66":0,"67":0,"68":0,"69":0,"70":0,"71":24,"72":56,"73":56,"74":56,"75":20,"76":1,"77":1,"78":1,"79":1,"80":36,"81":56,"82":56,"83":27,"84":29,"85":56,"86":56,"87":32,"88":24,"89":56,"90":20,"91":36,"92":56,"93":34,"94":22,"95":56,"96":32,"97":24,"98":56,"99":34,"100":22,"101":56,"102":20,"103":36,"104":56,"105":40,"106":16,"107":56,"108":6,"109":6,"110":5,"111":5,"112":5,"113":5,"114":5,"115":5,"116":5,"117":5,"118":5,"119":5,"120":0,"121":0,"122":0,"123":0,"124":0,"125":0,"126":5,"127":5,"128":5,"129":0,"130":0,"131":0,"132":0,"133":0,"134":0,"135":6,"136":6,"137":6},"f":{"0":2,"1":62,"2":18,"3":2,"4":1,"5":16,"6":1,"7":0,"8":1,"9":0,"10":0,"11":0},"b":{"0":[20,36],"1":[5,2],"2":[2,0],"3":[1,1],"4":[7,1],"5":[26,30],"6":[2,0],"7":[20,36],"8":[20,36],"9":[32,24],"10":[32,24],"11":[0,0],"12":[20,36],"13":[1,0],"14":[27,29],"15":[56,30,29],"16":[32,24],"17":[56,24,24],"18":[20,36],"19":[34,22],"20":[56,24],"21":[34,23],"22":[23,2],"23":[32,24],"24":[32,11],"25":[34,22],"26":[56,22],"27":[20,36],"28":[40,16],"29":[56,22,16],"30":[0,0]},"meta":{"lastBranch":31,"lastFunction":12,"lastStatement":138,"seen":{"s:10:6:10:Infinity":0,"f:10:23:10:29":0,"s:10:29:10:Infinity":1,"f:12:0:12:Infinity":1,"s:12:0:12:Infinity":2,"s:13:2:13:Infinity":3,"s:14:2:14:Infinity":4,"s:15:2:15:Infinity":5,"s:16:2:16:Infinity":6,"s:17:2:17:Infinity":7,"s:18:2:18:58":8,"b:18:58:47:4:47:3:47:4":0,"s:18:58:47:4":9,"s:20:19:46:Infinity":10,"f:20:19:20:Infinity":2,"s:21:4:45:Infinity":11,"s:22:6:22:Infinity":12,"s:23:6:23:Infinity":13,"s:24:6:24:Infinity":14,"s:25:6:25:Infinity":15,"s:26:6:26:Infinity":16,"s:27:6:27:Infinity":17,"s:28:6:28:20":18,"s:28:20:29:17":19,"s:30:13:30:Infinity":20,"s:31:6:31:Infinity":21,"b:32:6:36:Infinity:undefined:undefined:undefined:undefined":1,"s:32:6:36:Infinity":22,"s:33:8:33:Infinity":23,"s:34:8:34:Infinity":24,"s:35:8:35:38":25,"s:35:38:36:20":26,"s:39:27:39:Infinity":27,"b:39:27:39:44:39:44:39:Infinity":2,"b:40:6:43:Infinity:41:71:43:Infinity":3,"s:40:6:43:Infinity":28,"b:40:10:40:87:40:57:40:87":4,"s:41:8:41:71":29,"s:43:8:43:55":30,"s:44:7:45:18":31,"s:47:3:47:4":32,"s:20:19:20:Infinity":33,"b:47:4:53:4:53:3:53:4":5,"s:47:4:53:4":34,"s:49:31:52:Infinity":35,"f:49:31:49:Infinity":3,"b:50:4:51:Infinity:undefined:undefined:undefined:undefined":6,"s:50:4:51:Infinity":36,"s:51:6:51:37":37,"s:53:3:53:4":38,"s:49:31:49:Infinity":39,"b:53:4:59:4:59:3:59:4":7,"s:53:4:59:4":40,"s:55:31:58:Infinity":41,"f:55:31:55:Infinity":4,"s:56:4:56:Infinity":42,"s:57:4:57:Infinity":43,"s:58:4:58:29":44,"s:59:3:59:4":45,"s:55:31:55:Infinity":46,"b:59:4:64:9:64:3:64:9":8,"s:59:4:64:9":47,"s:61:39:63:Infinity":48,"f:61:39:61:Infinity":5,"s:62:4:62:Infinity":49,"s:63:4:63:18":50,"s:64:3:64:9":51,"s:61:27:61:39":52,"b:64:9:73:17:73:3:73:17":9,"s:64:9:73:17":53,"s:66:33:72:Infinity":54,"f:66:33:66:Infinity":6,"s:67:4:71:Infinity":55,"s:68:6:68:50":56,"s:69:13:69:Infinity":57,"s:70:6:70:Infinity":58,"s:71:6:71:33":59,"s:73:3:73:17":60,"s:66:21:66:33":61,"b:73:17:88:Infinity:88:3:88:Infinity":10,"s:73:17:88:Infinity":62,"s:75:35:87:Infinity":63,"f:75:35:75:Infinity":7,"s:76:24:79:Infinity":64,"b:80:4:86:Infinity:undefined:undefined:undefined:undefined":11,"s:80:4:86:Infinity":65,"s:81:6:85:Infinity":66,"s:82:8:82:64":67,"s:83:15:83:Infinity":68,"s:84:8:84:Infinity":69,"s:85:8:85:35":70,"s:88:3:88:Infinity":71,"s:75:23:75:35":72,"s:90:22:90:Infinity":73,"b:138:9:148:9:148:3:148:9":12,"s:138:9:148:9":74,"s:140:32:147:Infinity":75,"f:140:32:140:Infinity":8,"b:141:4:146:Infinity:undefined:undefined:undefined:undefined":13,"s:141:4:146:Infinity":76,"s:144:6:144:Infinity":77,"s:145:6:145:Infinity":78,"s:146:6:146:30":79,"s:148:3:148:9":80,"s:140:20:140:32":81,"b:148:9:157:Infinity:157:8:157:Infinity":14,"s:148:9:157:Infinity":82,"b:148:9:148:Infinity:148:9:148:Infinity:148:9:148:Infinity":15,"s:152:6:156:Infinity":83,"s:157:8:157:Infinity":84,"s:164:21:164:34":85,"b:164:34:165:Infinity:165:8:165:Infinity":16,"s:164:34:165:Infinity":86,"b:164:34:164:Infinity:164:34:164:Infinity:164:34:164:Infinity":17,"s:159:6:164:Infinity":87,"s:165:8:165:Infinity":88,"b:165:8:176:Infinity:176:16:176:Infinity":18,"s:165:8:176:Infinity":89,"s:169:10:176:16":90,"s:176:16:176:Infinity":91,"b:176:16:189:Infinity:189:11:189:Infinity":19,"s:176:16:189:Infinity":92,"b:176:16:176:Infinity:176:16:176:Infinity":20,"s:178:11:188:Infinity":93,"b:178:11:178:Infinity:179:12:188:Infinity":21,"b:182:15:182:Infinity:183:16:186:Infinity":22,"s:189:11:189:Infinity":94,"b:189:11:204:Infinity:204:11:204:Infinity":23,"s:189:11:204:Infinity":95,"s:191:11:203:Infinity":96,"b:191:11:191:Infinity:192:12:203:Infinity":24,"s:204:11:204:Infinity":97,"b:204:11:206:Infinity:206:13:206:Infinity":25,"s:204:11:206:Infinity":98,"b:204:11:204:Infinity:204:11:204:Infinity":26,"s:167:6:206:13":99,"s:206:13:206:Infinity":100,"b:206:13:208:Infinity:208:230:208:Infinity":27,"s:206:13:208:Infinity":101,"s:208:6:208:230":102,"s:208:230:208:Infinity":103,"b:208:230:209:Infinity:209:10:209:Infinity":28,"s:208:230:209:Infinity":104,"b:208:230:208:Infinity:208:230:208:Infinity:208:230:208:Infinity":29,"s:151:4:209:10":105,"s:209:10:209:Infinity":106,"s:209:10:151:19":107,"s:91:4:136:Infinity":108,"s:92:23:92:Infinity":109,"s:93:19:95:Infinity":110,"s:96:18:96:Infinity":111,"s:99:21:99:Infinity":112,"s:100:6:100:Infinity":113,"s:101:6:101:Infinity":114,"s:102:6:102:Infinity":115,"s:103:6:103:Infinity":116,"s:104:6:104:Infinity":117,"s:105:6:105:Infinity":118,"s:108:6:117:Infinity":119,"f:108:22:108:Infinity":9,"s:109:8:116:Infinity":120,"s:111:10:113:17":121,"f:111:21:111:Infinity":10,"s:112:12:112:41":122,"s:114:17:114:Infinity":123,"s:115:10:115:Infinity":124,"s:116:10:116:46":125,"s:120:6:120:Infinity":126,"s:121:6:121:Infinity":127,"s:124:6:133:14":128,"f:124:17:124:Infinity":11,"s:125:8:131:Infinity":129,"b:126:10:127:Infinity:undefined:undefined:undefined:undefined":30,"s:126:10:127:Infinity":130,"s:127:12:127:45":131,"s:129:10:129:34":132,"s:130:17:130:Infinity":133,"s:131:10:131:63":134,"s:134:13:134:Infinity":135,"s:135:6:135:Infinity":136,"s:136:6:136:34":137}}}
,"C:\\Users\\DEVDUL\\Documents\\DEVELOPMENT\\pdf-editor\\src\\components\\MenuBar.tsx": {"path":"C:\\Users\\DEVDUL\\Documents\\DEVELOPMENT\\pdf-editor\\src\\components\\MenuBar.tsx","statementMap":{"0":{"start":{"line":22,"column":6},"end":{"line":113,"column":null}},"1":{"start":{"line":23,"column":2},"end":{"line":23,"column":3}},"2":{"start":{"line":23,"column":3},"end":{"line":23,"column":52}},"3":{"start":{"line":23,"column":52},"end":{"line":27,"column":null}},"4":{"start":{"line":27,"column":10},"end":{"line":27,"column":61}},"5":{"start":{"line":27,"column":61},"end":{"line":27,"column":null}},"6":{"start":{"line":27,"column":61},"end":{"line":30,"column":null}},"7":{"start":{"line":28,"column":10},"end":{"line":30,"column":15}},"8":{"start":{"line":30,"column":15},"end":{"line":30,"column":null}},"9":{"start":{"line":30,"column":15},"end":{"line":34,"column":null}},"10":{"start":{"line":26,"column":8},"end":{"line":34,"column":14}},"11":{"start":{"line":34,"column":14},"end":{"line":34,"column":null}},"12":{"start":{"line":34,"column":14},"end":{"line":39,"column":null}},"13":{"start":{"line":38,"column":12},"end":{"line":38,"column":null}},"14":{"start":{"line":39,"column":12},"end":{"line":39,"column":62}},"15":{"start":{"line":39,"column":62},"end":{"line":39,"column":null}},"16":{"start":{"line":39,"column":62},"end":{"line":40,"column":null}},"17":{"start":{"line":37,"column":10},"end":{"line":40,"column":19}},"18":{"start":{"line":40,"column":19},"end":{"line":40,"column":null}},"19":{"start":{"line":40,"column":19},"end":{"line":42,"column":null}},"20":{"start":{"line":42,"column":10},"end":{"line":42,"column":61}},"21":{"start":{"line":42,"column":61},"end":{"line":42,"column":null}},"22":{"start":{"line":48,"column":22},"end":{"line":48,"column":34}},"23":{"start":{"line":48,"column":34},"end":{"line":52,"column":null}},"24":{"start":{"line":51,"column":12},"end":{"line":51,"column":null}},"25":{"start":{"line":52,"column":12},"end":{"line":52,"column":63}},"26":{"start":{"line":52,"column":63},"end":{"line":52,"column":null}},"27":{"start":{"line":52,"column":63},"end":{"line":53,"column":null}},"28":{"start":{"line":44,"column":10},"end":{"line":53,"column":19}},"29":{"start":{"line":53,"column":19},"end":{"line":53,"column":null}},"30":{"start":{"line":58,"column":22},"end":{"line":58,"column":34}},"31":{"start":{"line":58,"column":34},"end":{"line":62,"column":null}},"32":{"start":{"line":61,"column":12},"end":{"line":61,"column":null}},"33":{"start":{"line":62,"column":12},"end":{"line":62,"column":64}},"34":{"start":{"line":62,"column":64},"end":{"line":62,"column":null}},"35":{"start":{"line":62,"column":64},"end":{"line":63,"column":null}},"36":{"start":{"line":54,"column":10},"end":{"line":63,"column":19}},"37":{"start":{"line":63,"column":19},"end":{"line":63,"column":null}},"38":{"start":{"line":68,"column":22},"end":{"line":68,"column":34}},"39":{"start":{"line":68,"column":34},"end":{"line":72,"column":null}},"40":{"start":{"line":71,"column":12},"end":{"line":71,"column":null}},"41":{"start":{"line":72,"column":12},"end":{"line":72,"column":65}},"42":{"start":{"line":72,"column":65},"end":{"line":72,"column":null}},"43":{"start":{"line":72,"column":65},"end":{"line":73,"column":null}},"44":{"start":{"line":64,"column":10},"end":{"line":73,"column":19}},"45":{"start":{"line":73,"column":19},"end":{"line":73,"column":null}},"46":{"start":{"line":73,"column":19},"end":{"line":79,"column":null}},"47":{"start":{"line":75,"column":10},"end":{"line":75,"column":null}},"48":{"start":{"line":77,"column":10},"end":{"line":77,"column":null}},"49":{"start":{"line":79,"column":10},"end":{"line":79,"column":77}},"50":{"start":{"line":79,"column":77},"end":{"line":79,"column":null}},"51":{"start":{"line":79,"column":77},"end":{"line":94,"column":null}},"52":{"start":{"line":82,"column":12},"end":{"line":94,"column":21}},"53":{"start":{"line":94,"column":21},"end":{"line":94,"column":null}},"54":{"start":{"line":94,"column":21},"end":{"line":108,"column":null}},"55":{"start":{"line":81,"column":10},"end":{"line":108,"column":16}},"56":{"start":{"line":108,"column":16},"end":{"line":108,"column":null}},"57":{"start":{"line":108,"column":16},"end":{"line":110,"column":null}},"58":{"start":{"line":25,"column":6},"end":{"line":110,"column":15}},"59":{"start":{"line":110,"column":15},"end":{"line":110,"column":null}},"60":{"start":{"line":110,"column":15},"end":{"line":25,"column":24}},"61":{"start":{"line":115,"column":0},"end":{"line":115,"column":null}},"62":{"start":{"line":23,"column":2},"end":{"line":89,"column":17}},"63":{"start":{"line":23,"column":2},"end":{"line":102,"column":17}}},"fnMap":{"0":{"name":"(anonymous_0)","decl":{"start":{"line":23,"column":2},"end":{"line":23,"column":3}},"loc":{"start":{"line":23,"column":2},"end":{"line":110,"column":null}},"line":23}},"branchMap":{"0":{"loc":{"start":{"line":23,"column":52},"end":{"line":27,"column":null}},"type":"if","locations":[{"start":{"line":23,"column":52},"end":{"line":27,"column":null}},{"start":{"line":27,"column":61},"end":{"line":27,"column":null}}],"line":23},"1":{"loc":{"start":{"line":27,"column":61},"end":{"line":30,"column":null}},"type":"if","locations":[{"start":{"line":27,"column":61},"end":{"line":30,"column":null}},{"start":{"line":30,"column":15},"end":{"line":30,"column":null}}],"line":27},"2":{"loc":{"start":{"line":30,"column":15},"end":{"line":34,"column":null}},"type":"if","locations":[{"start":{"line":30,"column":15},"end":{"line":34,"column":null}},{"start":{"line":34,"column":14},"end":{"line":34,"column":null}}],"line":30},"3":{"loc":{"start":{"line":34,"column":14},"end":{"line":39,"column":null}},"type":"if","locations":[{"start":{"line":34,"column":14},"end":{"line":39,"column":null}},{"start":{"line":39,"column":62},"end":{"line":39,"column":null}}],"line":34},"4":{"loc":{"start":{"line":39,"column":62},"end":{"line":40,"column":null}},"type":"if","locations":[{"start":{"line":39,"column":62},"end":{"line":40,"column":null}},{"start":{"line":40,"column":19},"end":{"line":40,"column":null}}],"line":39},"5":{"loc":{"start":{"line":40,"column":19},"end":{"line":42,"column":null}},"type":"if","locations":[{"start":{"line":40,"column":19},"end":{"line":42,"column":null}},{"start":{"line":42,"column":61},"end":{"line":42,"column":null}}],"line":40},"6":{"loc":{"start":{"line":48,"column":34},"end":{"line":52,"column":null}},"type":"if","locations":[{"start":{"line":48,"column":34},"end":{"line":52,"column":null}},{"start":{"line":52,"column":63},"end":{"line":52,"column":null}}],"line":48},"7":{"loc":{"start":{"line":52,"column":63},"end":{"line":53,"column":null}},"type":"if","locations":[{"start":{"line":52,"column":63},"end":{"line":53,"column":null}},{"start":{"line":53,"column":19},"end":{"line":53,"column":null}}],"line":52},"8":{"loc":{"start":{"line":52,"column":63},"end":{"line":52,"column":null}},"type":"binary-expr","locations":[{"start":{"line":52,"column":63},"end":{"line":52,"column":null}},{"start":{"line":52,"column":63},"end":{"line":52,"column":null}}],"line":52},"9":{"loc":{"start":{"line":58,"column":34},"end":{"line":62,"column":null}},"type":"if","locations":[{"start":{"line":58,"column":34},"end":{"line":62,"column":null}},{"start":{"line":62,"column":64},"end":{"line":62,"column":null}}],"line":58},"10":{"loc":{"start":{"line":62,"column":64},"end":{"line":63,"column":null}},"type":"if","locations":[{"start":{"line":62,"column":64},"end":{"line":63,"column":null}},{"start":{"line":63,"column":19},"end":{"line":63,"column":null}}],"line":62},"11":{"loc":{"start":{"line":62,"column":64},"end":{"line":62,"column":null}},"type":"binary-expr","locations":[{"start":{"line":62,"column":64},"end":{"line":62,"column":null}},{"start":{"line":62,"column":64},"end":{"line":62,"column":null}}],"line":62},"12":{"loc":{"start":{"line":68,"column":34},"end":{"line":72,"column":null}},"type":"if","locations":[{"start":{"line":68,"column":34},"end":{"line":72,"column":null}},{"start":{"line":72,"column":65},"end":{"line":72,"column":null}}],"line":68},"13":{"loc":{"start":{"line":72,"column":65},"end":{"line":73,"column":null}},"type":"if","locations":[{"start":{"line":72,"column":65},"end":{"line":73,"column":null}},{"start":{"line":73,"column":19},"end":{"line":73,"column":null}}],"line":72},"14":{"loc":{"start":{"line":72,"column":65},"end":{"line":72,"column":null}},"type":"binary-expr","locations":[{"start":{"line":72,"column":65},"end":{"line":72,"column":null}},{"start":{"line":72,"column":65},"end":{"line":72,"column":null}}],"line":72},"15":{"loc":{"start":{"line":73,"column":19},"end":{"line":79,"column":null}},"type":"if","locations":[{"start":{"line":73,"column":19},"end":{"line":79,"column":null}},{"start":{"line":79,"column":77},"end":{"line":79,"column":null}}],"line":73},"16":{"loc":{"start":{"line":79,"column":77},"end":{"line":94,"column":null}},"type":"if","locations":[{"start":{"line":79,"column":77},"end":{"line":94,"column":null}},{"start":{"line":94,"column":21},"end":{"line":94,"column":null}}],"line":79},"17":{"loc":{"start":{"line":94,"column":21},"end":{"line":108,"column":null}},"type":"if","locations":[{"start":{"line":94,"column":21},"end":{"line":108,"column":null}},{"start":{"line":108,"column":16},"end":{"line":108,"column":null}}],"line":94},"18":{"loc":{"start":{"line":108,"column":16},"end":{"line":110,"column":null}},"type":"if","locations":[{"start":{"line":108,"column":16},"end":{"line":110,"column":null}},{"start":{"line":110,"column":15},"end":{"line":110,"column":null}}],"line":108},"19":{"loc":{"start":{"line":108,"column":16},"end":{"line":108,"column":null}},"type":"binary-expr","locations":[{"start":{"line":108,"column":16},"end":{"line":108,"column":null}},{"start":{"line":108,"column":16},"end":{"line":108,"column":null}},{"start":{"line":108,"column":16},"end":{"line":108,"column":null}},{"start":{"line":108,"column":16},"end":{"line":108,"column":null}}],"line":108}},"s":{"0":3,"1":48,"2":48,"3":48,"4":36,"5":12,"6":48,"7":36,"8":12,"9":48,"10":36,"11":12,"12":48,"13":36,"14":36,"15":12,"16":48,"17":36,"18":12,"19":48,"20":36,"21":12,"22":48,"23":48,"24":36,"25":36,"26":12,"27":48,"28":48,"29":0,"30":48,"31":48,"32":36,"33":36,"34":12,"35":48,"36":48,"37":0,"38":48,"39":48,"40":36,"41":36,"42":12,"43":48,"44":48,"45":0,"46":48,"47":36,"48":36,"49":36,"50":12,"51":48,"52":36,"53":12,"54":48,"55":36,"56":12,"57":48,"58":48,"59":0,"60":48,"61":3,"62":1,"63":0},"f":{"0":49},"b":{"0":[36,12],"1":[36,12],"2":[36,12],"3":[36,12],"4":[36,12],"5":[36,12],"6":[36,12],"7":[48,0],"8":[48,0],"9":[36,12],"10":[48,0],"11":[48,12],"12":[36,12],"13":[48,0],"14":[48,0],"15":[36,12],"16":[36,12],"17":[36,12],"18":[48,0],"19":[48,0,0,0]},"meta":{"lastBranch":20,"lastFunction":1,"lastStatement":64,"seen":{"s:22:6:113:Infinity":0,"f:23:2:23:3":0,"s:23:2:23:3":1,"s:23:3:23:52":2,"b:23:52:27:Infinity:27:61:27:Infinity":0,"s:23:52:27:Infinity":3,"s:27:10:27:61":4,"s:27:61:27:Infinity":5,"b:27:61:30:Infinity:30:15:30:Infinity":1,"s:27:61:30:Infinity":6,"s:28:10:30:15":7,"s:30:15:30:Infinity":8,"b:30:15:34:Infinity:34:14:34:Infinity":2,"s:30:15:34:Infinity":9,"s:26:8:34:14":10,"s:34:14:34:Infinity":11,"b:34:14:39:Infinity:39:62:39:Infinity":3,"s:34:14:39:Infinity":12,"s:38:12:38:Infinity":13,"s:39:12:39:62":14,"s:39:62:39:Infinity":15,"b:39:62:40:Infinity:40:19:40:Infinity":4,"s:39:62:40:Infinity":16,"s:37:10:40:19":17,"s:40:19:40:Infinity":18,"b:40:19:42:Infinity:42:61:42:Infinity":5,"s:40:19:42:Infinity":19,"s:42:10:42:61":20,"s:42:61:42:Infinity":21,"s:48:22:48:34":22,"b:48:34:52:Infinity:52:63:52:Infinity":6,"s:48:34:52:Infinity":23,"s:51:12:51:Infinity":24,"s:52:12:52:63":25,"s:52:63:52:Infinity":26,"b:52:63:53:Infinity:53:19:53:Infinity":7,"s:52:63:53:Infinity":27,"b:52:63:52:Infinity:52:63:52:Infinity":8,"s:44:10:53:19":28,"s:53:19:53:Infinity":29,"s:58:22:58:34":30,"b:58:34:62:Infinity:62:64:62:Infinity":9,"s:58:34:62:Infinity":31,"s:61:12:61:Infinity":32,"s:62:12:62:64":33,"s:62:64:62:Infinity":34,"b:62:64:63:Infinity:63:19:63:Infinity":10,"s:62:64:63:Infinity":35,"b:62:64:62:Infinity:62:64:62:Infinity":11,"s:54:10:63:19":36,"s:63:19:63:Infinity":37,"s:68:22:68:34":38,"b:68:34:72:Infinity:72:65:72:Infinity":12,"s:68:34:72:Infinity":39,"s:71:12:71:Infinity":40,"s:72:12:72:65":41,"s:72:65:72:Infinity":42,"b:72:65:73:Infinity:73:19:73:Infinity":13,"s:72:65:73:Infinity":43,"b:72:65:72:Infinity:72:65:72:Infinity":14,"s:64:10:73:19":44,"s:73:19:73:Infinity":45,"b:73:19:79:Infinity:79:77:79:Infinity":15,"s:73:19:79:Infinity":46,"s:75:10:75:Infinity":47,"s:77:10:77:Infinity":48,"s:79:10:79:77":49,"s:79:77:79:Infinity":50,"b:79:77:94:Infinity:94:21:94:Infinity":16,"s:79:77:94:Infinity":51,"s:82:12:94:21":52,"s:94:21:94:Infinity":53,"b:94:21:108:Infinity:108:16:108:Infinity":17,"s:94:21:108:Infinity":54,"s:81:10:108:16":55,"s:108:16:108:Infinity":56,"b:108:16:110:Infinity:110:15:110:Infinity":18,"s:108:16:110:Infinity":57,"b:108:16:108:Infinity:108:16:108:Infinity:108:16:108:Infinity:108:16:108:Infinity":19,"s:25:6:110:15":58,"s:110:15:110:Infinity":59,"s:110:15:25:24":60,"s:115:0:115:Infinity":61,"s:23:2:89:17":62,"s:23:2:102:17":63}}}
,"C:\\Users\\DEVDUL\\Documents\\DEVELOPMENT\\pdf-editor\\src\\components\\PDFUploader.tsx": {"path":"C:\\Users\\DEVDUL\\Documents\\DEVELOPMENT\\pdf-editor\\src\\components\\PDFUploader.tsx","statementMap":{"0":{"start":{"line":9,"column":6},"end":{"line":82,"column":null}},"1":{"start":{"line":9,"column":53},"end":{"line":9,"column":54}},"2":{"start":{"line":9,"column":54},"end":{"line":9,"column":null}},"3":{"start":{"line":10,"column":2},"end":{"line":10,"column":54}},"4":{"start":{"line":10,"column":54},"end":{"line":20,"column":null}},"5":{"start":{"line":13,"column":4},"end":{"line":19,"column":null}},"6":{"start":{"line":14,"column":19},"end":{"line":14,"column":null}},"7":{"start":{"line":15,"column":6},"end":{"line":18,"column":null}},"8":{"start":{"line":16,"column":8},"end":{"line":16,"column":26}},"9":{"start":{"line":18,"column":8},"end":{"line":18,"column":47}},"10":{"start":{"line":20,"column":5},"end":{"line":20,"column":null}},"11":{"start":{"line":12,"column":27},"end":{"line":12,"column":null}},"12":{"start":{"line":22,"column":4},"end":{"line":33,"column":null}},"13":{"start":{"line":25,"column":4},"end":{"line":32,"column":null}},"14":{"start":{"line":26,"column":6},"end":{"line":26,"column":null}},"15":{"start":{"line":27,"column":19},"end":{"line":27,"column":null}},"16":{"start":{"line":28,"column":6},"end":{"line":31,"column":null}},"17":{"start":{"line":29,"column":8},"end":{"line":29,"column":26}},"18":{"start":{"line":31,"column":8},"end":{"line":31,"column":45}},"19":{"start":{"line":33,"column":5},"end":{"line":33,"column":null}},"20":{"start":{"line":24,"column":21},"end":{"line":24,"column":null}},"21":{"start":{"line":37,"column":25},"end":{"line":37,"column":null}},"22":{"start":{"line":42,"column":4},"end":{"line":46,"column":9}},"23":{"start":{"line":44,"column":34},"end":{"line":45,"column":null}},"24":{"start":{"line":45,"column":4},"end":{"line":45,"column":33}},"25":{"start":{"line":46,"column":3},"end":{"line":46,"column":9}},"26":{"start":{"line":44,"column":22},"end":{"line":44,"column":34}},"27":{"start":{"line":46,"column":9},"end":{"line":62,"column":null}},"28":{"start":{"line":55,"column":6},"end":{"line":61,"column":null}},"29":{"start":{"line":62,"column":8},"end":{"line":62,"column":null}},"30":{"start":{"line":62,"column":8},"end":{"line":72,"column":null}},"31":{"start":{"line":63,"column":6},"end":{"line":65,"column":null}},"32":{"start":{"line":67,"column":6},"end":{"line":69,"column":null}},"33":{"start":{"line":70,"column":6},"end":{"line":72,"column":10}},"34":{"start":{"line":72,"column":10},"end":{"line":72,"column":null}},"35":{"start":{"line":72,"column":10},"end":{"line":79,"column":null}},"36":{"start":{"line":74,"column":6},"end":{"line":79,"column":12}},"37":{"start":{"line":79,"column":12},"end":{"line":79,"column":null}},"38":{"start":{"line":79,"column":12},"end":{"line":80,"column":null}},"39":{"start":{"line":49,"column":4},"end":{"line":80,"column":11}},"40":{"start":{"line":80,"column":11},"end":{"line":80,"column":null}},"41":{"start":{"line":80,"column":11},"end":{"line":49,"column":5}},"42":{"start":{"line":84,"column":0},"end":{"line":84,"column":null}},"43":{"start":{"line":39,"column":6},"end":{"line":39,"column":28}}},"fnMap":{"0":{"name":"(anonymous_0)","decl":{"start":{"line":9,"column":53},"end":{"line":9,"column":54}},"loc":{"start":{"line":9,"column":53},"end":{"line":80,"column":null}},"line":9},"1":{"name":"(anonymous_1)","decl":{"start":{"line":13,"column":4},"end":{"line":13,"column":null}},"loc":{"start":{"line":13,"column":4},"end":{"line":19,"column":null}},"line":13},"2":{"name":"(anonymous_2)","decl":{"start":{"line":25,"column":4},"end":{"line":25,"column":null}},"loc":{"start":{"line":25,"column":4},"end":{"line":32,"column":null}},"line":25},"3":{"name":"(anonymous_3)","decl":{"start":{"line":44,"column":34},"end":{"line":44,"column":null}},"loc":{"start":{"line":44,"column":34},"end":{"line":45,"column":null}},"line":44}},"branchMap":{"0":{"loc":{"start":{"line":10,"column":54},"end":{"line":20,"column":null}},"type":"if","locations":[{"start":{"line":10,"column":54},"end":{"line":20,"column":null}},{"start":{"line":20,"column":5},"end":{"line":20,"column":null}}],"line":10},"1":{"loc":{"start":{"line":15,"column":6},"end":{"line":18,"column":null}},"type":"if","locations":[{"start":{"line":15,"column":6},"end":{"line":18,"column":null}},{"start":{"line":16,"column":26},"end":{"line":18,"column":null}}],"line":15},"2":{"loc":{"start":{"line":15,"column":10},"end":{"line":15,"column":49}},"type":"binary-expr","locations":[{"start":{"line":15,"column":10},"end":{"line":15,"column":18}},{"start":{"line":15,"column":18},"end":{"line":15,"column":49}}],"line":15},"3":{"loc":{"start":{"line":22,"column":4},"end":{"line":33,"column":null}},"type":"if","locations":[{"start":{"line":22,"column":4},"end":{"line":33,"column":null}},{"start":{"line":33,"column":5},"end":{"line":33,"column":null}}],"line":22},"4":{"loc":{"start":{"line":28,"column":6},"end":{"line":31,"column":null}},"type":"if","locations":[{"start":{"line":28,"column":6},"end":{"line":31,"column":null}},{"start":{"line":29,"column":26},"end":{"line":31,"column":null}}],"line":28},"5":{"loc":{"start":{"line":28,"column":10},"end":{"line":28,"column":49}},"type":"binary-expr","locations":[{"start":{"line":28,"column":10},"end":{"line":28,"column":18}},{"start":{"line":28,"column":18},"end":{"line":28,"column":49}}],"line":28},"6":{"loc":{"start":{"line":42,"column":4},"end":{"line":46,"column":9}},"type":"if","locations":[{"start":{"line":42,"column":4},"end":{"line":46,"column":9}},{"start":{"line":46,"column":3},"end":{"line":46,"column":9}}],"line":42},"7":{"loc":{"start":{"line":46,"column":9},"end":{"line":62,"column":null}},"type":"if","locations":[{"start":{"line":46,"column":9},"end":{"line":62,"column":null}},{"start":{"line":62,"column":8},"end":{"line":62,"column":null}}],"line":46},"8":{"loc":{"start":{"line":62,"column":8},"end":{"line":72,"column":null}},"type":"if","locations":[{"start":{"line":62,"column":8},"end":{"line":72,"column":null}},{"start":{"line":72,"column":10},"end":{"line":72,"column":null}}],"line":62},"9":{"loc":{"start":{"line":72,"column":10},"end":{"line":79,"column":null}},"type":"if","locations":[{"start":{"line":72,"column":10},"end":{"line":79,"column":null}},{"start":{"line":79,"column":12},"end":{"line":79,"column":null}}],"line":72},"10":{"loc":{"start":{"line":79,"column":12},"end":{"line":80,"column":null}},"type":"if","locations":[{"start":{"line":79,"column":12},"end":{"line":80,"column":null}},{"start":{"line":80,"column":11},"end":{"line":80,"column":null}}],"line":79},"11":{"loc":{"start":{"line":79,"column":12},"end":{"line":79,"column":null}},"type":"binary-expr","locations":[{"start":{"line":79,"column":12},"end":{"line":79,"column":null}},{"start":{"line":79,"column":12},"end":{"line":79,"column":null}}],"line":79}},"s":{"0":2,"1":15,"2":15,"3":15,"4":15,"5":15,"6":11,"7":11,"8":10,"9":1,"10":0,"11":15,"12":15,"13":15,"14":0,"15":0,"16":0,"17":0,"18":0,"19":0,"20":15,"21":15,"22":15,"23":15,"24":0,"25":0,"26":15,"27":15,"28":15,"29":0,"30":15,"31":15,"32":15,"33":15,"34":0,"35":15,"36":15,"37":0,"38":15,"39":15,"40":0,"41":15,"42":2,"43":0},"f":{"0":15,"1":11,"2":0,"3":0},"b":{"0":[15,0],"1":[10,1],"2":[11,11],"3":[15,0],"4":[0,0],"5":[0,0],"6":[15,0],"7":[15,0],"8":[15,0],"9":[15,0],"10":[15,0],"11":[15,0]},"meta":{"lastBranch":12,"lastFunction":4,"lastStatement":44,"seen":{"s:9:6:82:Infinity":0,"f:9:53:9:54":0,"s:9:53:9:54":1,"s:9:54:9:Infinity":2,"s:10:2:10:54":3,"b:10:54:20:Infinity:20:5:20:Infinity":0,"s:10:54:20:Infinity":4,"s:13:4:19:Infinity":5,"f:13:4:13:Infinity":1,"s:14:19:14:Infinity":6,"b:15:6:18:Infinity:16:26:18:Infinity":1,"s:15:6:18:Infinity":7,"b:15:10:15:18:15:18:15:49":2,"s:16:8:16:26":8,"s:18:8:18:47":9,"s:20:5:20:Infinity":10,"s:12:27:12:Infinity":11,"b:22:4:33:Infinity:33:5:33:Infinity":3,"s:22:4:33:Infinity":12,"s:25:4:32:Infinity":13,"f:25:4:25:Infinity":2,"s:26:6:26:Infinity":14,"s:27:19:27:Infinity":15,"b:28:6:31:Infinity:29:26:31:Infinity":4,"s:28:6:31:Infinity":16,"b:28:10:28:18:28:18:28:49":5,"s:29:8:29:26":17,"s:31:8:31:45":18,"s:33:5:33:Infinity":19,"s:24:21:24:Infinity":20,"s:37:25:37:Infinity":21,"b:42:4:46:9:46:3:46:9":6,"s:42:4:46:9":22,"s:44:34:45:Infinity":23,"f:44:34:44:Infinity":3,"s:45:4:45:33":24,"s:46:3:46:9":25,"s:44:22:44:34":26,"b:46:9:62:Infinity:62:8:62:Infinity":7,"s:46:9:62:Infinity":27,"s:55:6:61:Infinity":28,"s:62:8:62:Infinity":29,"b:62:8:72:Infinity:72:10:72:Infinity":8,"s:62:8:72:Infinity":30,"s:63:6:65:Infinity":31,"s:67:6:69:Infinity":32,"s:70:6:72:10":33,"s:72:10:72:Infinity":34,"b:72:10:79:Infinity:79:12:79:Infinity":9,"s:72:10:79:Infinity":35,"s:74:6:79:12":36,"s:79:12:79:Infinity":37,"b:79:12:80:Infinity:80:11:80:Infinity":10,"s:79:12:80:Infinity":38,"b:79:12:79:Infinity:79:12:79:Infinity":11,"s:49:4:80:11":39,"s:80:11:80:Infinity":40,"s:80:11:49:5":41,"s:84:0:84:Infinity":42,"s:39:6:39:28":43}}}
,"C:\\Users\\DEVDUL\\Documents\\DEVELOPMENT\\pdf-editor\\src\\components\\PDFViewer.tsx": {"path":"C:\\Users\\DEVDUL\\Documents\\DEVELOPMENT\\pdf-editor\\src\\components\\PDFViewer.tsx","statementMap":{"0":{"start":{"line":25,"column":0},"end":{"line":25,"column":null}},"1":{"start":{"line":51,"column":44},"end":{"line":974,"column":null}},"2":{"start":{"line":52,"column":8},"end":{"line":52,"column":null}},"3":{"start":{"line":53,"column":8},"end":{"line":53,"column":null}},"4":{"start":{"line":54,"column":30},"end":{"line":54,"column":null}},"5":{"start":{"line":55,"column":36},"end":{"line":55,"column":null}},"6":{"start":{"line":56,"column":36},"end":{"line":56,"column":null}},"7":{"start":{"line":57,"column":24},"end":{"line":57,"column":null}},"8":{"start":{"line":58,"column":34},"end":{"line":58,"column":null}},"9":{"start":{"line":59,"column":36},"end":{"line":59,"column":null}},"10":{"start":{"line":60,"column":44},"end":{"line":60,"column":null}},"11":{"start":{"line":61,"column":46},"end":{"line":63,"column":null}},"12":{"start":{"line":64,"column":38},"end":{"line":64,"column":null}},"13":{"start":{"line":65,"column":54},"end":{"line":67,"column":null}},"14":{"start":{"line":68,"column":42},"end":{"line":68,"column":null}},"15":{"start":{"line":69,"column":8},"end":{"line":69,"column":null}},"16":{"start":{"line":72,"column":26},"end":{"line":72,"column":null}},"17":{"start":{"line":74,"column":2},"end":{"line":131,"column":null}},"18":{"start":{"line":75,"column":4},"end":{"line":75,"column":null}},"19":{"start":{"line":75,"column":15},"end":{"line":75,"column":null}},"20":{"start":{"line":77,"column":20},"end":{"line":128,"column":null}},"21":{"start":{"line":78,"column":26},"end":{"line":114,"column":null}},"22":{"start":{"line":79,"column":28},"end":{"line":79,"column":null}},"23":{"start":{"line":82,"column":32},"end":{"line":82,"column":null}},"24":{"start":{"line":83,"column":30},"end":{"line":83,"column":null}},"25":{"start":{"line":85,"column":28},"end":{"line":88,"column":null}},"26":{"start":{"line":91,"column":8},"end":{"line":111,"column":null}},"27":{"start":{"line":92,"column":10},"end":{"line":110,"column":null}},"28":{"start":{"line":94,"column":12},"end":{"line":97,"column":null}},"29":{"start":{"line":95,"column":14},"end":{"line":95,"column":null}},"30":{"start":{"line":96,"column":14},"end":{"line":96,"column":null}},"31":{"start":{"line":98,"column":24},"end":{"line":98,"column":null}},"32":{"start":{"line":99,"column":12},"end":{"line":101,"column":null}},"33":{"start":{"line":100,"column":14},"end":{"line":100,"column":null}},"34":{"start":{"line":102,"column":10},"end":{"line":110,"column":null}},"35":{"start":{"line":104,"column":24},"end":{"line":104,"column":null}},"36":{"start":{"line":105,"column":12},"end":{"line":109,"column":null}},"37":{"start":{"line":106,"column":14},"end":{"line":106,"column":null}},"38":{"start":{"line":108,"column":14},"end":{"line":108,"column":null}},"39":{"start":{"line":113,"column":8},"end":{"line":113,"column":null}},"40":{"start":{"line":116,"column":6},"end":{"line":127,"column":null}},"41":{"start":{"line":117,"column":20},"end":{"line":117,"column":null}},"42":{"start":{"line":118,"column":8},"end":{"line":118,"column":null}},"43":{"start":{"line":119,"column":8},"end":{"line":119,"column":null}},"44":{"start":{"line":120,"column":8},"end":{"line":120,"column":null}},"45":{"start":{"line":123,"column":8},"end":{"line":123,"column":null}},"46":{"start":{"line":125,"column":8},"end":{"line":125,"column":null}},"47":{"start":{"line":126,"column":8},"end":{"line":126,"column":null}},"48":{"start":{"line":130,"column":4},"end":{"line":130,"column":null}},"49":{"start":{"line":133,"column":28},"end":{"line":135,"column":null}},"50":{"start":{"line":134,"column":4},"end":{"line":134,"column":null}},"51":{"start":{"line":137,"column":28},"end":{"line":169,"column":null}},"52":{"start":{"line":138,"column":17},"end":{"line":138,"column":null}},"53":{"start":{"line":139,"column":4},"end":{"line":139,"column":null}},"54":{"start":{"line":139,"column":15},"end":{"line":139,"column":null}},"55":{"start":{"line":141,"column":19},"end":{"line":141,"column":null}},"56":{"start":{"line":142,"column":4},"end":{"line":166,"column":null}},"57":{"start":{"line":143,"column":21},"end":{"line":143,"column":null}},"58":{"start":{"line":145,"column":18},"end":{"line":145,"column":null}},"59":{"start":{"line":146,"column":6},"end":{"line":164,"column":null}},"60":{"start":{"line":147,"column":28},"end":{"line":147,"column":null}},"61":{"start":{"line":148,"column":29},"end":{"line":148,"column":null}},"62":{"start":{"line":149,"column":30},"end":{"line":149,"column":null}},"63":{"start":{"line":151,"column":47},"end":{"line":159,"column":null}},"64":{"start":{"line":160,"column":8},"end":{"line":163,"column":null}},"65":{"start":{"line":160,"column":57},"end":{"line":162,"column":null}},"66":{"start":{"line":165,"column":6},"end":{"line":165,"column":null}},"67":{"start":{"line":167,"column":4},"end":{"line":167,"column":null}},"68":{"start":{"line":168,"column":4},"end":{"line":168,"column":null}},"69":{"start":{"line":171,"column":28},"end":{"line":211,"column":null}},"70":{"start":{"line":172,"column":32},"end":{"line":172,"column":null}},"71":{"start":{"line":173,"column":4},"end":{"line":173,"column":null}},"72":{"start":{"line":175,"column":4},"end":{"line":200,"column":null}},"73":{"start":{"line":175,"column":23},"end":{"line":175,"column":26}},"74":{"start":{"line":176,"column":19},"end":{"line":176,"column":null}},"75":{"start":{"line":177,"column":26},"end":{"line":177,"column":null}},"76":{"start":{"line":179,"column":6},"end":{"line":179,"column":null}},"77":{"start":{"line":181,"column":6},"end":{"line":199,"column":null}},"78":{"start":{"line":182,"column":8},"end":{"line":187,"column":null}},"79":{"start":{"line":189,"column":8},"end":{"line":198,"column":null}},"80":{"start":{"line":190,"column":10},"end":{"line":197,"column":null}},"81":{"start":{"line":202,"column":4},"end":{"line":202,"column":null}},"82":{"start":{"line":203,"column":4},"end":{"line":203,"column":null}},"83":{"start":{"line":206,"column":50},"end":{"line":206,"column":null}},"84":{"start":{"line":207,"column":4},"end":{"line":209,"column":null}},"85":{"start":{"line":208,"column":6},"end":{"line":208,"column":null}},"86":{"start":{"line":210,"column":4},"end":{"line":210,"column":null}},"87":{"start":{"line":213,"column":2},"end":{"line":249,"column":null}},"88":{"start":{"line":214,"column":4},"end":{"line":214,"column":null}},"89":{"start":{"line":214,"column":44},"end":{"line":214,"column":null}},"90":{"start":{"line":216,"column":23},"end":{"line":246,"column":null}},"91":{"start":{"line":217,"column":6},"end":{"line":245,"column":null}},"92":{"start":{"line":218,"column":21},"end":{"line":218,"column":null}},"93":{"start":{"line":219,"column":25},"end":{"line":219,"column":null}},"94":{"start":{"line":222,"column":8},"end":{"line":224,"column":null}},"95":{"start":{"line":223,"column":10},"end":{"line":223,"column":null}},"96":{"start":{"line":226,"column":23},"end":{"line":226,"column":null}},"97":{"start":{"line":227,"column":24},"end":{"line":227,"column":null}},"98":{"start":{"line":229,"column":8},"end":{"line":229,"column":null}},"99":{"start":{"line":229,"column":22},"end":{"line":229,"column":null}},"100":{"start":{"line":231,"column":8},"end":{"line":231,"column":null}},"101":{"start":{"line":232,"column":8},"end":{"line":232,"column":null}},"102":{"start":{"line":233,"column":8},"end":{"line":233,"column":null}},"103":{"start":{"line":235,"column":8},"end":{"line":235,"column":null}},"104":{"start":{"line":237,"column":30},"end":{"line":240,"column":null}},"105":{"start":{"line":242,"column":8},"end":{"line":242,"column":null}},"106":{"start":{"line":244,"column":8},"end":{"line":244,"column":null}},"107":{"start":{"line":248,"column":4},"end":{"line":248,"column":null}},"108":{"start":{"line":251,"column":8},"end":{"line":253,"column":null}},"109":{"start":{"line":252,"column":4},"end":{"line":252,"column":null}},"110":{"start":{"line":252,"column":29},"end":{"line":252,"column":50}},"111":{"start":{"line":255,"column":8},"end":{"line":257,"column":null}},"112":{"start":{"line":256,"column":4},"end":{"line":256,"column":null}},"113":{"start":{"line":256,"column":29},"end":{"line":256,"column":57}},"114":{"start":{"line":259,"column":8},"end":{"line":261,"column":null}},"115":{"start":{"line":260,"column":4},"end":{"line":260,"column":null}},"116":{"start":{"line":260,"column":23},"end":{"line":260,"column":47}},"117":{"start":{"line":263,"column":8},"end":{"line":265,"column":null}},"118":{"start":{"line":264,"column":4},"end":{"line":264,"column":null}},"119":{"start":{"line":264,"column":23},"end":{"line":264,"column":49}},"120":{"start":{"line":267,"column":8},"end":{"line":272,"column":null}},"121":{"start":{"line":268,"column":4},"end":{"line":271,"column":null}},"122":{"start":{"line":268,"column":30},"end":{"line":271,"column":6}},"123":{"start":{"line":274,"column":29},"end":{"line":309,"column":null}},"124":{"start":{"line":275,"column":4},"end":{"line":308,"column":null}},"125":{"start":{"line":276,"column":6},"end":{"line":276,"column":null}},"126":{"start":{"line":277,"column":6},"end":{"line":277,"column":null}},"127":{"start":{"line":278,"column":6},"end":{"line":278,"column":null}},"128":{"start":{"line":281,"column":6},"end":{"line":285,"column":null}},"129":{"start":{"line":282,"column":8},"end":{"line":284,"column":null}},"130":{"start":{"line":283,"column":10},"end":{"line":283,"column":null}},"131":{"start":{"line":288,"column":31},"end":{"line":290,"column":null}},"132":{"start":{"line":289,"column":15},"end":{"line":289,"column":null}},"133":{"start":{"line":291,"column":6},"end":{"line":291,"column":null}},"134":{"start":{"line":293,"column":6},"end":{"line":295,"column":null}},"135":{"start":{"line":294,"column":8},"end":{"line":294,"column":null}},"136":{"start":{"line":298,"column":6},"end":{"line":300,"column":null}},"137":{"start":{"line":299,"column":8},"end":{"line":299,"column":null}},"138":{"start":{"line":302,"column":6},"end":{"line":304,"column":null}},"139":{"start":{"line":306,"column":6},"end":{"line":306,"column":null}},"140":{"start":{"line":307,"column":6},"end":{"line":307,"column":null}},"141":{"start":{"line":311,"column":28},"end":{"line":341,"column":null}},"142":{"start":{"line":312,"column":4},"end":{"line":340,"column":null}},"143":{"start":{"line":313,"column":7},"end":{"line":313,"column":null}},"144":{"start":{"line":313,"column":43},"end":{"line":313,"column":null}},"145":{"start":{"line":315,"column":21},"end":{"line":315,"column":null}},"146":{"start":{"line":316,"column":19},"end":{"line":316,"column":null}},"147":{"start":{"line":317,"column":16},"end":{"line":317,"column":null}},"148":{"start":{"line":318,"column":16},"end":{"line":318,"column":null}},"149":{"start":{"line":321,"column":19},"end":{"line":321,"column":null}},"150":{"start":{"line":322,"column":19},"end":{"line":322,"column":null}},"151":{"start":{"line":324,"column":44},"end":{"line":333,"column":null}},"152":{"start":{"line":335,"column":6},"end":{"line":335,"column":null}},"153":{"start":{"line":335,"column":35},"end":{"line":335,"column":59}},"154":{"start":{"line":336,"column":6},"end":{"line":336,"column":null}},"155":{"start":{"line":337,"column":6},"end":{"line":337,"column":null}},"156":{"start":{"line":339,"column":6},"end":{"line":339,"column":null}},"157":{"start":{"line":343,"column":25},"end":{"line":346,"column":null}},"158":{"start":{"line":344,"column":4},"end":{"line":344,"column":null}},"159":{"start":{"line":345,"column":4},"end":{"line":345,"column":null}},"160":{"start":{"line":348,"column":21},"end":{"line":391,"column":null}},"161":{"start":{"line":349,"column":4},"end":{"line":349,"column":null}},"162":{"start":{"line":350,"column":17},"end":{"line":350,"column":null}},"163":{"start":{"line":351,"column":4},"end":{"line":351,"column":null}},"164":{"start":{"line":351,"column":50},"end":{"line":351,"column":null}},"165":{"start":{"line":353,"column":19},"end":{"line":353,"column":null}},"166":{"start":{"line":354,"column":17},"end":{"line":354,"column":null}},"167":{"start":{"line":355,"column":4},"end":{"line":355,"column":null}},"168":{"start":{"line":355,"column":26},"end":{"line":355,"column":null}},"169":{"start":{"line":357,"column":14},"end":{"line":357,"column":null}},"170":{"start":{"line":358,"column":14},"end":{"line":358,"column":null}},"171":{"start":{"line":360,"column":19},"end":{"line":360,"column":null}},"172":{"start":{"line":361,"column":4},"end":{"line":389,"column":null}},"173":{"start":{"line":362,"column":21},"end":{"line":362,"column":null}},"174":{"start":{"line":363,"column":18},"end":{"line":363,"column":null}},"175":{"start":{"line":364,"column":6},"end":{"line":387,"column":null}},"176":{"start":{"line":365,"column":28},"end":{"line":365,"column":null}},"177":{"start":{"line":366,"column":29},"end":{"line":366,"column":null}},"178":{"start":{"line":367,"column":30},"end":{"line":367,"column":null}},"179":{"start":{"line":371,"column":21},"end":{"line":371,"column":null}},"180":{"start":{"line":372,"column":14},"end":{"line":372,"column":null}},"181":{"start":{"line":374,"column":47},"end":{"line":382,"column":null}},"182":{"start":{"line":383,"column":8},"end":{"line":386,"column":null}},"183":{"start":{"line":383,"column":57},"end":{"line":385,"column":null}},"184":{"start":{"line":388,"column":6},"end":{"line":388,"column":null}},"185":{"start":{"line":390,"column":4},"end":{"line":390,"column":null}},"186":{"start":{"line":393,"column":8},"end":{"line":397,"column":null}},"187":{"start":{"line":394,"column":4},"end":{"line":396,"column":null}},"188":{"start":{"line":395,"column":6},"end":{"line":395,"column":null}},"189":{"start":{"line":395,"column":25},"end":{"line":395,"column":71}},"190":{"start":{"line":399,"column":8},"end":{"line":406,"column":null}},"191":{"start":{"line":401,"column":6},"end":{"line":403,"column":null}},"192":{"start":{"line":402,"column":8},"end":{"line":402,"column":null}},"193":{"start":{"line":402,"column":27},"end":{"line":402,"column":72}},"194":{"start":{"line":408,"column":8},"end":{"line":410,"column":null}},"195":{"start":{"line":409,"column":4},"end":{"line":409,"column":null}},"196":{"start":{"line":409,"column":33},"end":{"line":409,"column":68}},"197":{"start":{"line":409,"column":54},"end":{"line":409,"column":67}},"198":{"start":{"line":412,"column":8},"end":{"line":427,"column":null}},"199":{"start":{"line":414,"column":6},"end":{"line":414,"column":null}},"200":{"start":{"line":414,"column":42},"end":{"line":414,"column":null}},"201":{"start":{"line":416,"column":21},"end":{"line":416,"column":null}},"202":{"start":{"line":417,"column":31},"end":{"line":417,"column":null}},"203":{"start":{"line":419,"column":6},"end":{"line":424,"column":null}},"204":{"start":{"line":429,"column":8},"end":{"line":481,"column":null}},"205":{"start":{"line":439,"column":47},"end":{"line":445,"column":null}},"206":{"start":{"line":447,"column":6},"end":{"line":467,"column":null}},"207":{"start":{"line":448,"column":8},"end":{"line":465,"column":null}},"208":{"start":{"line":461,"column":16},"end":{"line":461,"column":null}},"209":{"start":{"line":469,"column":6},"end":{"line":477,"column":null}},"210":{"start":{"line":474,"column":32},"end":{"line":474,"column":null}},"211":{"start":{"line":483,"column":2},"end":{"line":483,"column":null}},"212":{"start":{"line":485,"column":8},"end":{"line":502,"column":null}},"213":{"start":{"line":487,"column":6},"end":{"line":487,"column":null}},"214":{"start":{"line":487,"column":38},"end":{"line":487,"column":null}},"215":{"start":{"line":489,"column":18},"end":{"line":489,"column":null}},"216":{"start":{"line":490,"column":6},"end":{"line":490,"column":null}},"217":{"start":{"line":490,"column":16},"end":{"line":490,"column":null}},"218":{"start":{"line":492,"column":6},"end":{"line":497,"column":null}},"219":{"start":{"line":504,"column":31},"end":{"line":702,"column":null}},"220":{"start":{"line":505,"column":4},"end":{"line":506,"column":null}},"221":{"start":{"line":506,"column":6},"end":{"line":506,"column":null}},"222":{"start":{"line":508,"column":19},"end":{"line":508,"column":null}},"223":{"start":{"line":509,"column":21},"end":{"line":509,"column":null}},"224":{"start":{"line":510,"column":21},"end":{"line":510,"column":null}},"225":{"start":{"line":512,"column":32},"end":{"line":546,"column":null}},"226":{"start":{"line":514,"column":6},"end":{"line":514,"column":null}},"227":{"start":{"line":514,"column":24},"end":{"line":514,"column":null}},"228":{"start":{"line":516,"column":6},"end":{"line":516,"column":null}},"229":{"start":{"line":517,"column":6},"end":{"line":517,"column":null}},"230":{"start":{"line":519,"column":6},"end":{"line":519,"column":null}},"231":{"start":{"line":521,"column":21},"end":{"line":521,"column":null}},"232":{"start":{"line":522,"column":21},"end":{"line":522,"column":null}},"233":{"start":{"line":523,"column":23},"end":{"line":523,"column":null}},"234":{"start":{"line":525,"column":30},"end":{"line":536,"column":null}},"235":{"start":{"line":526,"column":14},"end":{"line":526,"column":null}},"236":{"start":{"line":527,"column":14},"end":{"line":527,"column":null}},"237":{"start":{"line":529,"column":8},"end":{"line":535,"column":null}},"238":{"start":{"line":530,"column":10},"end":{"line":534,"column":null}},"239":{"start":{"line":531,"column":12},"end":{"line":533,"column":null}},"240":{"start":{"line":538,"column":28},"end":{"line":542,"column":null}},"241":{"start":{"line":539,"column":8},"end":{"line":539,"column":null}},"242":{"start":{"line":540,"column":8},"end":{"line":540,"column":null}},"243":{"start":{"line":541,"column":8},"end":{"line":541,"column":null}},"244":{"start":{"line":544,"column":6},"end":{"line":544,"column":null}},"245":{"start":{"line":545,"column":6},"end":{"line":545,"column":null}},"246":{"start":{"line":548,"column":24},"end":{"line":548,"column":null}},"247":{"start":{"line":549,"column":23},"end":{"line":549,"column":null}},"248":{"start":{"line":551,"column":24},"end":{"line":555,"column":null}},"249":{"start":{"line":557,"column":4},"end":{"line":700,"column":null}},"250":{"start":{"line":567,"column":27},"end":{"line":567,"column":null}},"251":{"start":{"line":569,"column":10},"end":{"line":569,"column":null}},"252":{"start":{"line":570,"column":10},"end":{"line":570,"column":null}},"253":{"start":{"line":576,"column":32},"end":{"line":576,"column":null}},"254":{"start":{"line":577,"column":28},"end":{"line":577,"column":null}},"255":{"start":{"line":584,"column":16},"end":{"line":584,"column":null}},"256":{"start":{"line":585,"column":16},"end":{"line":587,"column":null}},"257":{"start":{"line":598,"column":16},"end":{"line":598,"column":null}},"258":{"start":{"line":599,"column":16},"end":{"line":601,"column":null}},"259":{"start":{"line":613,"column":16},"end":{"line":613,"column":null}},"260":{"start":{"line":614,"column":16},"end":{"line":616,"column":null}},"261":{"start":{"line":630,"column":16},"end":{"line":630,"column":null}},"262":{"start":{"line":631,"column":16},"end":{"line":633,"column":null}},"263":{"start":{"line":645,"column":16},"end":{"line":645,"column":null}},"264":{"start":{"line":646,"column":16},"end":{"line":646,"column":null}},"265":{"start":{"line":657,"column":32},"end":{"line":657,"column":null}},"266":{"start":{"line":688,"column":14},"end":{"line":688,"column":null}},"267":{"start":{"line":689,"column":14},"end":{"line":689,"column":null}},"268":{"start":{"line":691,"column":28},"end":{"line":691,"column":null}},"269":{"start":{"line":692,"column":14},"end":{"line":696,"column":null}},"270":{"start":{"line":693,"column":16},"end":{"line":693,"column":null}},"271":{"start":{"line":694,"column":16},"end":{"line":694,"column":null}},"272":{"start":{"line":695,"column":16},"end":{"line":695,"column":null}},"273":{"start":{"line":704,"column":32},"end":{"line":807,"column":null}},"274":{"start":{"line":705,"column":4},"end":{"line":706,"column":null}},"275":{"start":{"line":706,"column":6},"end":{"line":706,"column":null}},"276":{"start":{"line":708,"column":19},"end":{"line":708,"column":null}},"277":{"start":{"line":709,"column":21},"end":{"line":709,"column":null}},"278":{"start":{"line":710,"column":21},"end":{"line":710,"column":null}},"279":{"start":{"line":711,"column":25},"end":{"line":711,"column":null}},"280":{"start":{"line":712,"column":26},"end":{"line":712,"column":null}},"281":{"start":{"line":714,"column":28},"end":{"line":756,"column":null}},"282":{"start":{"line":715,"column":6},"end":{"line":715,"column":null}},"283":{"start":{"line":716,"column":21},"end":{"line":716,"column":null}},"284":{"start":{"line":717,"column":21},"end":{"line":717,"column":null}},"285":{"start":{"line":718,"column":23},"end":{"line":718,"column":null}},"286":{"start":{"line":719,"column":24},"end":{"line":719,"column":null}},"287":{"start":{"line":721,"column":30},"end":{"line":747,"column":null}},"288":{"start":{"line":722,"column":14},"end":{"line":722,"column":null}},"289":{"start":{"line":723,"column":14},"end":{"line":723,"column":null}},"290":{"start":{"line":725,"column":8},"end":{"line":746,"column":null}},"291":{"start":{"line":726,"column":10},"end":{"line":732,"column":null}},"292":{"start":{"line":727,"column":12},"end":{"line":731,"column":null}},"293":{"start":{"line":728,"column":14},"end":{"line":730,"column":null}},"294":{"start":{"line":733,"column":8},"end":{"line":746,"column":null}},"295":{"start":{"line":734,"column":10},"end":{"line":745,"column":null}},"296":{"start":{"line":735,"column":12},"end":{"line":744,"column":null}},"297":{"start":{"line":736,"column":14},"end":{"line":743,"column":null}},"298":{"start":{"line":749,"column":28},"end":{"line":752,"column":null}},"299":{"start":{"line":750,"column":8},"end":{"line":750,"column":null}},"300":{"start":{"line":751,"column":8},"end":{"line":751,"column":null}},"301":{"start":{"line":754,"column":6},"end":{"line":754,"column":null}},"302":{"start":{"line":755,"column":6},"end":{"line":755,"column":null}},"303":{"start":{"line":758,"column":4},"end":{"line":805,"column":null}},"304":{"start":{"line":770,"column":28},"end":{"line":770,"column":null}},"305":{"start":{"line":791,"column":30},"end":{"line":791,"column":59}},"306":{"start":{"line":797,"column":12},"end":{"line":797,"column":null}},"307":{"start":{"line":798,"column":12},"end":{"line":800,"column":null}},"308":{"start":{"line":799,"column":14},"end":{"line":799,"column":null}},"309":{"start":{"line":799,"column":35},"end":{"line":799,"column":59}},"310":{"start":{"line":809,"column":2},"end":{"line":811,"column":null}},"311":{"start":{"line":810,"column":4},"end":{"line":810,"column":null}},"312":{"start":{"line":813,"column":2},"end":{"line":972,"column":null}},"313":{"start":{"line":822,"column":29},"end":{"line":822,"column":null}},"314":{"start":{"line":832,"column":29},"end":{"line":832,"column":null}},"315":{"start":{"line":941,"column":41},"end":{"line":941,"column":63}},"316":{"start":{"line":943,"column":16},"end":{"line":943,"column":null}},"317":{"start":{"line":946,"column":16},"end":{"line":946,"column":null}},"318":{"start":{"line":966,"column":27},"end":{"line":966,"column":null}}},"fnMap":{"0":{"name":"(anonymous_0)","decl":{"start":{"line":51,"column":44},"end":{"line":51,"column":45}},"loc":{"start":{"line":51,"column":58},"end":{"line":974,"column":null}},"line":51},"1":{"name":"(anonymous_1)","decl":{"start":{"line":74,"column":12},"end":{"line":74,"column":18}},"loc":{"start":{"line":74,"column":18},"end":{"line":131,"column":5}},"line":74},"2":{"name":"(anonymous_2)","decl":{"start":{"line":77,"column":20},"end":{"line":77,"column":32}},"loc":{"start":{"line":77,"column":32},"end":{"line":128,"column":null}},"line":77},"3":{"name":"(anonymous_3)","decl":{"start":{"line":78,"column":26},"end":{"line":78,"column":33}},"loc":{"start":{"line":78,"column":69},"end":{"line":114,"column":null}},"line":78},"4":{"name":"(anonymous_4)","decl":{"start":{"line":91,"column":33},"end":{"line":91,"column":34}},"loc":{"start":{"line":91,"column":74},"end":{"line":111,"column":null}},"line":91},"5":{"name":"(anonymous_5)","decl":{"start":{"line":133,"column":28},"end":{"line":133,"column":34}},"loc":{"start":{"line":133,"column":34},"end":{"line":135,"column":null}},"line":133},"6":{"name":"(anonymous_6)","decl":{"start":{"line":137,"column":28},"end":{"line":137,"column":35}},"loc":{"start":{"line":137,"column":78},"end":{"line":169,"column":null}},"line":137},"7":{"name":"(anonymous_7)","decl":{"start":{"line":142,"column":20},"end":{"line":142,"column":27}},"loc":{"start":{"line":142,"column":37},"end":{"line":166,"column":null}},"line":142},"8":{"name":"(anonymous_8)","decl":{"start":{"line":146,"column":19},"end":{"line":146,"column":25}},"loc":{"start":{"line":146,"column":25},"end":{"line":164,"column":null}},"line":146},"9":{"name":"(anonymous_9)","decl":{"start":{"line":160,"column":28},"end":{"line":160,"column":29}},"loc":{"start":{"line":160,"column":57},"end":{"line":162,"column":null}},"line":160},"10":{"name":"(anonymous_10)","decl":{"start":{"line":171,"column":28},"end":{"line":171,"column":35}},"loc":{"start":{"line":171,"column":48},"end":{"line":211,"column":null}},"line":171},"11":{"name":"(anonymous_11)","decl":{"start":{"line":181,"column":26},"end":{"line":181,"column":27}},"loc":{"start":{"line":181,"column":62},"end":{"line":199,"column":7}},"line":181},"12":{"name":"(anonymous_12)","decl":{"start":{"line":207,"column":20},"end":{"line":207,"column":30}},"loc":{"start":{"line":207,"column":30},"end":{"line":209,"column":5}},"line":207},"13":{"name":"(anonymous_13)","decl":{"start":{"line":213,"column":12},"end":{"line":213,"column":18}},"loc":{"start":{"line":213,"column":18},"end":{"line":249,"column":5}},"line":213},"14":{"name":"(anonymous_14)","decl":{"start":{"line":216,"column":23},"end":{"line":216,"column":35}},"loc":{"start":{"line":216,"column":35},"end":{"line":246,"column":null}},"line":216},"15":{"name":"(anonymous_15)","decl":{"start":{"line":251,"column":37},"end":{"line":251,"column":43}},"loc":{"start":{"line":251,"column":43},"end":{"line":253,"column":5}},"line":251},"16":{"name":"(anonymous_16)","decl":{"start":{"line":252,"column":20},"end":{"line":252,"column":29}},"loc":{"start":{"line":252,"column":29},"end":{"line":252,"column":50}},"line":252},"17":{"name":"(anonymous_17)","decl":{"start":{"line":255,"column":37},"end":{"line":255,"column":43}},"loc":{"start":{"line":255,"column":43},"end":{"line":257,"column":5}},"line":255},"18":{"name":"(anonymous_18)","decl":{"start":{"line":256,"column":20},"end":{"line":256,"column":29}},"loc":{"start":{"line":256,"column":29},"end":{"line":256,"column":57}},"line":256},"19":{"name":"(anonymous_19)","decl":{"start":{"line":259,"column":35},"end":{"line":259,"column":41}},"loc":{"start":{"line":259,"column":41},"end":{"line":261,"column":5}},"line":259},"20":{"name":"(anonymous_20)","decl":{"start":{"line":260,"column":14},"end":{"line":260,"column":23}},"loc":{"start":{"line":260,"column":23},"end":{"line":260,"column":47}},"line":260},"21":{"name":"(anonymous_21)","decl":{"start":{"line":263,"column":36},"end":{"line":263,"column":42}},"loc":{"start":{"line":263,"column":42},"end":{"line":265,"column":5}},"line":263},"22":{"name":"(anonymous_22)","decl":{"start":{"line":264,"column":14},"end":{"line":264,"column":23}},"loc":{"start":{"line":264,"column":23},"end":{"line":264,"column":49}},"line":264},"23":{"name":"(anonymous_23)","decl":{"start":{"line":267,"column":40},"end":{"line":267,"column":41}},"loc":{"start":{"line":267,"column":76},"end":{"line":272,"column":5}},"line":267},"24":{"name":"(anonymous_24)","decl":{"start":{"line":268,"column":20},"end":{"line":268,"column":30}},"loc":{"start":{"line":268,"column":30},"end":{"line":271,"column":6}},"line":268},"25":{"name":"(anonymous_25)","decl":{"start":{"line":274,"column":29},"end":{"line":274,"column":41}},"loc":{"start":{"line":274,"column":41},"end":{"line":309,"column":null}},"line":274},"26":{"name":"(anonymous_26)","decl":{"start":{"line":289,"column":9},"end":{"line":289,"column":15}},"loc":{"start":{"line":289,"column":15},"end":{"line":289,"column":null}},"line":289},"27":{"name":"(anonymous_27)","decl":{"start":{"line":311,"column":28},"end":{"line":311,"column":29}},"loc":{"start":{"line":311,"column":69},"end":{"line":341,"column":null}},"line":311},"28":{"name":"(anonymous_28)","decl":{"start":{"line":335,"column":26},"end":{"line":335,"column":35}},"loc":{"start":{"line":335,"column":35},"end":{"line":335,"column":59}},"line":335},"29":{"name":"(anonymous_29)","decl":{"start":{"line":343,"column":25},"end":{"line":343,"column":26}},"loc":{"start":{"line":343,"column":49},"end":{"line":346,"column":null}},"line":343},"30":{"name":"(anonymous_30)","decl":{"start":{"line":348,"column":21},"end":{"line":348,"column":28}},"loc":{"start":{"line":348,"column":51},"end":{"line":391,"column":null}},"line":348},"31":{"name":"(anonymous_31)","decl":{"start":{"line":361,"column":21},"end":{"line":361,"column":31}},"loc":{"start":{"line":361,"column":31},"end":{"line":389,"column":null}},"line":361},"32":{"name":"(anonymous_32)","decl":{"start":{"line":364,"column":19},"end":{"line":364,"column":25}},"loc":{"start":{"line":364,"column":25},"end":{"line":387,"column":null}},"line":364},"33":{"name":"(anonymous_33)","decl":{"start":{"line":383,"column":28},"end":{"line":383,"column":29}},"loc":{"start":{"line":383,"column":57},"end":{"line":385,"column":null}},"line":383},"34":{"name":"(anonymous_34)","decl":{"start":{"line":393,"column":39},"end":{"line":393,"column":40}},"loc":{"start":{"line":393,"column":70},"end":{"line":397,"column":5}},"line":393},"35":{"name":"(anonymous_35)","decl":{"start":{"line":394,"column":24},"end":{"line":394,"column":null}},"loc":{"start":{"line":395,"column":6},"end":{"line":395,"column":null}},"line":395},"36":{"name":"(anonymous_36)","decl":{"start":{"line":395,"column":16},"end":{"line":395,"column":25}},"loc":{"start":{"line":395,"column":25},"end":{"line":395,"column":71}},"line":395},"37":{"name":"(anonymous_37)","decl":{"start":{"line":400,"column":4},"end":{"line":400,"column":5}},"loc":{"start":{"line":400,"column":54},"end":{"line":404,"column":null}},"line":400},"38":{"name":"(anonymous_38)","decl":{"start":{"line":401,"column":26},"end":{"line":401,"column":null}},"loc":{"start":{"line":402,"column":8},"end":{"line":402,"column":null}},"line":402},"39":{"name":"(anonymous_39)","decl":{"start":{"line":402,"column":18},"end":{"line":402,"column":27}},"loc":{"start":{"line":402,"column":27},"end":{"line":402,"column":72}},"line":402},"40":{"name":"(anonymous_40)","decl":{"start":{"line":408,"column":45},"end":{"line":408,"column":46}},"loc":{"start":{"line":408,"column":61},"end":{"line":410,"column":5}},"line":408},"41":{"name":"(anonymous_41)","decl":{"start":{"line":409,"column":24},"end":{"l
[...]
5,"column":4},"end":{"line":35,"column":null}},"6":{"start":{"line":36,"column":4},"end":{"line":36,"column":null}},"7":{"start":{"line":38,"column":4},"end":{"line":69,"column":null}},"8":{"start":{"line":42,"column":6},"end":{"line":54,"column":null}},"9":{"start":{"line":45,"column":8},"end":{"line":48,"column":null}},"10":{"start":{"line":51,"column":8},"end":{"line":53,"column":null}},"11":{"start":{"line":56,"column":6},"end":{"line":56,"column":null}},"12":{"start":{"line":58,"column":23},"end":{"line":58,"column":null}},"13":{"start":{"line":59,"column":24},"end":{"line":59,"column":null}},"14":{"start":{"line":62,"column":6},"end":{"line":65,"column":null}},"15":{"start":{"line":64,"column":8},"end":{"line":64,"column":null}},"16":{"start":{"line":68,"column":6},"end":{"line":68,"column":null}},"17":{"start":{"line":73,"column":4},"end":{"line":73,"column":null}},"18":{"start":{"line":73,"column":22},"end":{"line":73,"column":null}},"19":{"start":{"line":76,"column":4},"end":{"line":79,"column":null}},"20":{"start":{"line":77,"column":6},"end":{"line":77,"column":null}},"21":{"start":{"line":78,"column":6},"end":{"line":78,"column":null}},"22":{"start":{"line":81,"column":18},"end":{"line":81,"column":null}},"23":{"start":{"line":82,"column":17},"end":{"line":82,"column":null}},"24":{"start":{"line":84,"column":4},"end":{"line":84,"column":null}},"25":{"start":{"line":86,"column":22},"end":{"line":86,"column":null}},"26":{"start":{"line":87,"column":4},"end":{"line":93,"column":null}},"27":{"start":{"line":88,"column":6},"end":{"line":88,"column":null}},"28":{"start":{"line":89,"column":4},"end":{"line":93,"column":null}},"29":{"start":{"line":90,"column":6},"end":{"line":90,"column":null}},"30":{"start":{"line":91,"column":4},"end":{"line":93,"column":null}},"31":{"start":{"line":92,"column":6},"end":{"line":92,"column":null}},"32":{"start":{"line":95,"column":17},"end":{"line":95,"column":null}},"33":{"start":{"line":97,"column":4},"end":{"line":103,"column":null}},"34":{"start":{"line":107,"column":4},"end":{"line":107,"column":null}},"35":{"start":{"line":107,"column":22},"end":{"line":107,"column":null}},"36":{"start":{"line":109,"column":18},"end":{"line":109,"column":null}},"37":{"start":{"line":110,"column":17},"end":{"line":110,"column":null}},"38":{"start":{"line":112,"column":4},"end":{"line":112,"column":null}},"39":{"start":{"line":114,"column":4},"end":{"line":137,"column":null}},"40":{"start":{"line":116,"column":28},"end":{"line":116,"column":null}},"41":{"start":{"line":117,"column":25},"end":{"line":119,"column":null}},"42":{"start":{"line":118,"column":8},"end":{"line":118,"column":null}},"43":{"start":{"line":122,"column":6},"end":{"line":126,"column":null}},"44":{"start":{"line":123,"column":8},"end":{"line":123,"column":null}},"45":{"start":{"line":125,"column":8},"end":{"line":125,"column":null}},"46":{"start":{"line":128,"column":6},"end":{"line":133,"column":null}},"47":{"start":{"line":135,"column":6},"end":{"line":135,"column":null}},"48":{"start":{"line":136,"column":6},"end":{"line":136,"column":null}},"49":{"start":{"line":141,"column":4},"end":{"line":141,"column":null}},"50":{"start":{"line":141,"column":22},"end":{"line":141,"column":null}},"51":{"start":{"line":143,"column":17},"end":{"line":143,"column":null}},"52":{"start":{"line":144,"column":19},"end":{"line":144,"column":null}},"53":{"start":{"line":146,"column":18},"end":{"line":146,"column":null}},"54":{"start":{"line":146,"column":42},"end":{"line":146,"column":67}},"55":{"start":{"line":147,"column":4},"end":{"line":154,"column":null}},"56":{"start":{"line":148,"column":6},"end":{"line":153,"column":null}},"57":{"start":{"line":149,"column":26},"end":{"line":149,"column":null}},"58":{"start":{"line":150,"column":8},"end":{"line":150,"column":null}},"59":{"start":{"line":152,"column":8},"end":{"line":152,"column":null}},"60":{"start":{"line":158,"column":4},"end":{"line":158,"column":null}},"61":{"start":{"line":158,"column":22},"end":{"line":158,"column":null}},"62":{"start":{"line":159,"column":4},"end":{"line":159,"column":null}},"63":{"start":{"line":163,"column":21},"end":{"line":163,"column":null}},"64":{"start":{"line":164,"column":22},"end":{"line":164,"column":null}},"65":{"start":{"line":165,"column":17},"end":{"line":165,"column":null}},"66":{"start":{"line":166,"column":16},"end":{"line":166,"column":null}},"67":{"start":{"line":168,"column":17},"end":{"line":168,"column":null}},"68":{"start":{"line":169,"column":4},"end":{"line":169,"column":null}},"69":{"start":{"line":170,"column":4},"end":{"line":170,"column":null}},"70":{"start":{"line":171,"column":4},"end":{"line":171,"column":null}},"71":{"start":{"line":173,"column":4},"end":{"line":173,"column":null}},"72":{"start":{"line":177,"column":4},"end":{"line":177,"column":null}},"73":{"start":{"line":178,"column":4},"end":{"line":178,"column":null}},"74":{"start":{"line":182,"column":32},"end":{"line":182,"column":null}}},"fnMap":{"0":{"name":"(anonymous_0)","decl":{"start":{"line":29,"column":2},"end":{"line":29,"column":36}},"loc":{"start":{"line":29,"column":36},"end":{"line":31,"column":null}},"line":29},"1":{"name":"(anonymous_1)","decl":{"start":{"line":33,"column":8},"end":{"line":33,"column":16}},"loc":{"start":{"line":33,"column":62},"end":{"line":70,"column":null}},"line":33},"2":{"name":"(anonymous_2)","decl":{"start":{"line":72,"column":8},"end":{"line":72,"column":16}},"loc":{"start":{"line":72,"column":59},"end":{"line":104,"column":null}},"line":72},"3":{"name":"(anonymous_3)","decl":{"start":{"line":106,"column":8},"end":{"line":106,"column":17}},"loc":{"start":{"line":106,"column":61},"end":{"line":138,"column":null}},"line":106},"4":{"name":"(anonymous_4)","decl":{"start":{"line":117,"column":63},"end":{"line":117,"column":null}},"loc":{"start":{"line":118,"column":8},"end":{"line":118,"column":null}},"line":118},"5":{"name":"(anonymous_5)","decl":{"start":{"line":140,"column":8},"end":{"line":140,"column":22}},"loc":{"start":{"line":140,"column":71},"end":{"line":155,"column":null}},"line":140},"6":{"name":"(anonymous_6)","decl":{"start":{"line":146,"column":30},"end":{"line":146,"column":31}},"loc":{"start":{"line":146,"column":42},"end":{"line":146,"column":67}},"line":146},"7":{"name":"(anonymous_7)","decl":{"start":{"line":157,"column":8},"end":{"line":157,"column":39}},"loc":{"start":{"line":157,"column":39},"end":{"line":160,"column":null}},"line":157},"8":{"name":"(anonymous_8)","decl":{"start":{"line":162,"column":8},"end":{"line":162,"column":20}},"loc":{"start":{"line":162,"column":77},"end":{"line":174,"column":null}},"line":162},"9":{"name":"(anonymous_9)","decl":{"start":{"line":176,"column":2},"end":{"line":176,"column":16}},"loc":{"start":{"line":176,"column":16},"end":{"line":179,"column":null}},"line":176}},"branchMap":{"0":{"loc":{"start":{"line":42,"column":6},"end":{"line":54,"column":null}},"type":"if","locations":[{"start":{"line":42,"column":6},"end":{"line":54,"column":null}},{"start":{"line":49,"column":13},"end":{"line":54,"column":null}}],"line":42},"1":{"loc":{"start":{"line":58,"column":23},"end":{"line":58,"column":null}},"type":"binary-expr","locations":[{"start":{"line":58,"column":23},"end":{"line":58,"column":55}},{"start":{"line":58,"column":55},"end":{"line":58,"column":null}}],"line":58},"2":{"loc":{"start":{"line":59,"column":24},"end":{"line":59,"column":null}},"type":"binary-expr","locations":[{"start":{"line":59,"column":24},"end":{"line":59,"column":51}},{"start":{"line":59,"column":51},"end":{"line":59,"column":null}}],"line":59},"3":{"loc":{"start":{"line":62,"column":6},"end":{"line":65,"column":null}},"type":"if","locations":[{"start":{"line":62,"column":6},"end":{"line":65,"column":null}},{"start":{},"end":{}}],"line":62},"4":{"loc":{"start":{"line":62,"column":10},"end":{"line":62,"column":79}},"type":"binary-expr","locations":[{"start":{"line":62,"column":10},"end":{"line":62,"column":47}},{"start":{"line":62,"column":47},"end":{"line":62,"column":79}}],"line":62},"5":{"loc":{"start":{"line":73,"column":4},"end":{"line":73,"column":null}},"type":"if","locations":[{"start":{"line":73,"column":4},"end":{"line":73,"column":null}},{"start":{},"end":{}}],"line":73},"6":{"loc":{"start":{"line":76,"column":4},"end":{"line":79,"column":null}},"type":"if","locations":[{"start":{"line":76,"column":4},"end":{"line":79,"column":null}},{"start":{},"end":{}}],"line":76},"7":{"loc":{"start":{"line":76,"column":8},"end":{"line":76,"column":59}},"type":"binary-expr","locations":[{"start":{"line":76,"column":8},"end":{"line":76,"column":28}},{"start":{"line":76,"column":28},"end":{"line":76,"column":59}}],"line":76},"8":{"loc":{"start":{"line":87,"column":4},"end":{"line":93,"column":null}},"type":"if","locations":[{"start":{"line":87,"column":4},"end":{"line":93,"column":null}},{"start":{"line":89,"column":4},"end":{"line":93,"column":null}}],"line":87},"9":{"loc":{"start":{"line":87,"column":8},"end":{"line":87,"column":50}},"type":"binary-expr","locations":[{"start":{"line":87,"column":8},"end":{"line":87,"column":29}},{"start":{"line":87,"column":29},"end":{"line":87,"column":50}}],"line":87},"10":{"loc":{"start":{"line":89,"column":4},"end":{"line":93,"column":null}},"type":"if","locations":[{"start":{"line":89,"column":4},"end":{"line":93,"column":null}},{"start":{"line":91,"column":4},"end":{"line":93,"column":null}}],"line":89},"11":{"loc":{"start":{"line":91,"column":4},"end":{"line":93,"column":null}},"type":"if","locations":[{"start":{"line":91,"column":4},"end":{"line":93,"column":null}},{"start":{},"end":{}}],"line":91},"12":{"loc":{"start":{"line":100,"column":12},"end":{"line":100,"column":null}},"type":"binary-expr","locations":[{"start":{"line":100,"column":12},"end":{"line":100,"column":35}},{"start":{"line":100,"column":35},"end":{"line":100,"column":null}}],"line":100},"13":{"loc":{"start":{"line":107,"column":4},"end":{"line":107,"column":null}},"type":"if","locations":[{"start":{"line":107,"column":4},"end":{"line":107,"column":null}},{"start":{},"end":{}}],"line":107},"14":{"loc":{"start":{"line":122,"column":6},"end":{"line":126,"column":null}},"type":"if","locations":[{"start":{"line":122,"column":6},"end":{"line":126,"column":null}},{"start":{"line":124,"column":13},"end":{"line":126,"column":null}}],"line":122},"15":{"loc":{"start":{"line":141,"column":4},"end":{"line":141,"column":null}},"type":"if","locations":[{"start":{"line":141,"column":4},"end":{"line":141,"column":null}},{"start":{},"end":{}}],"line":141},"16":{"loc":{"start":{"line":147,"column":4},"end":{"line":154,"column":null}},"type":"if","locations":[{"start":{"line":147,"column":4},"end":{"line":154,"column":null}},{"start":{},"end":{}}],"line":147},"17":{"loc":{"start":{"line":158,"column":4},"end":{"line":158,"column":null}},"type":"if","locations":[{"start":{"line":158,"column":4},"end":{"line":158,"column":null}},{"start":{},"end":{}}],"line":158},"18":{"loc":{"start":{"line":162,"column":20},"end":{"line":162,"column":77}},"type":"default-arg","locations":[{"start":{"line":162,"column":39},"end":{"line":162,"column":77}}],"line":162}},"s":{"0":13,"1":13,"2":13,"3":0,"4":11,"5":11,"6":11,"7":11,"8":11,"9":4,"10":7,"11":2,"12":2,"13":2,"14":2,"15":1,"16":1,"17":3,"18":1,"19":2,"20":0,"21":0,"22":2,"23":2,"24":2,"25":2,"26":2,"27":0,"28":2,"29":0,"30":2,"31":0,"32":2,"33":2,"34":1,"35":0,"36":1,"37":1,"38":1,"39":1,"40":1,"41":1,"42":70,"43":1,"44":1,"45":0,"46":1,"47":0,"48":0,"49":0,"50":0,"51":0,"52":0,"53":0,"54":0,"55":0,"56":0,"57":0,"58":0,"59":0,"60":1,"61":0,"62":1,"63":0,"64":0,"65":0,"66":0,"67":0,"68":0,"69":0,"70":0,"71":0,"72":1,"73":1,"74":2},"f":{"0":0,"1":11,"2":3,"3":1,"4":70,"5":0,"6":0,"7":1,"8":0,"9":1},"b":{"0":[4,7],"1":[2,0],"2":[2,0],"3":[1,1],"4":[2,2],"5":[1,2],"6":[0,2],"7":[2,2],"8":[0,2],"9":[2,0],"10":[0,2],"11":[0,2],"12":[2,0],"13":[0,1],"14":[1,0],"15":[0,0],"16":[0,0],"17":[0,1],"18":[0]},"meta":{"lastBranch":19,"lastFunction":10,"lastStatement":75,"seen":{"s:25:39:25:Infinity":0,"s:26:45:26:Infinity":1,"s:27:41:27:Infinity":2,"f:29:2:29:36":0,"s:30:4:30:Infinity":3,"f:33:8:33:16":1,"s:34:24:34:Infinity":4,"s:35:4:35:Infinity":5,"s:36:4:36:Infinity":6,"s:38:4:69:Infinity":7,"b:42:6:54:Infinity:49:13:54:Infinity":0,"s:42:6:54:Infinity":8,"s:45:8:48:Infinity":9,"s:51:8:53:Infinity":10,"s:56:6:56:Infinity":11,"s:58:23:58:Infinity":12,"b:58:23:58:55:58:55:58:Infinity":1,"s:59:24:59:Infinity":13,"b:59:24:59:51:59:51:59:Infinity":2,"b:62:6:65:Infinity:undefined:undefined:undefined:undefined":3,"s:62:6:65:Infinity":14,"b:62:10:62:47:62:47:62:79":4,"s:64:8:64:Infinity":15,"s:68:6:68:Infinity":16,"f:72:8:72:16":2,"b:73:4:73:Infinity:undefined:undefined:undefined:undefined":5,"s:73:4:73:Infinity":17,"s:73:22:73:Infinity":18,"b:76:4:79:Infinity:undefined:undefined:undefined:undefined":6,"s:76:4:79:Infinity":19,"b:76:8:76:28:76:28:76:59":7,"s:77:6:77:Infinity":20,"s:78:6:78:Infinity":21,"s:81:18:81:Infinity":22,"s:82:17:82:Infinity":23,"s:84:4:84:Infinity":24,"s:86:22:86:Infinity":25,"b:87:4:93:Infinity:89:4:93:Infinity":8,"s:87:4:93:Infinity":26,"b:87:8:87:29:87:29:87:50":9,"s:88:6:88:Infinity":27,"b:89:4:93:Infinity:91:4:93:Infinity":10,"s:89:4:93:Infinity":28,"s:90:6:90:Infinity":29,"b:91:4:93:Infinity:undefined:undefined:undefined:undefined":11,"s:91:4:93:Infinity":30,"s:92:6:92:Infinity":31,"s:95:17:95:Infinity":32,"s:97:4:103:Infinity":33,"b:100:12:100:35:100:35:100:Infinity":12,"f:106:8:106:17":3,"b:107:4:107:Infinity:undefined:undefined:undefined:undefined":13,"s:107:4:107:Infinity":34,"s:107:22:107:Infinity":35,"s:109:18:109:Infinity":36,"s:110:17:110:Infinity":37,"s:112:4:112:Infinity":38,"s:114:4:137:Infinity":39,"s:116:28:116:Infinity":40,"s:117:25:119:Infinity":41,"f:117:63:117:Infinity":4,"s:118:8:118:Infinity":42,"b:122:6:126:Infinity:124:13:126:Infinity":14,"s:122:6:126:Infinity":43,"s:123:8:123:Infinity":44,"s:125:8:125:Infinity":45,"s:128:6:133:Infinity":46,"s:135:6:135:Infinity":47,"s:136:6:136:Infinity":48,"f:140:8:140:22":5,"b:141:4:141:Infinity:undefined:undefined:undefined:undefined":15,"s:141:4:141:Infinity":49,"s:141:22:141:Infinity":50,"s:143:17:143:Infinity":51,"s:144:19:144:Infinity":52,"s:146:18:146:Infinity":53,"f:146:30:146:31":6,"s:146:42:146:67":54,"b:147:4:154:Infinity:undefined:undefined:undefined:undefined":16,"s:147:4:154:Infinity":55,"s:148:6:153:Infinity":56,"s:149:26:149:Infinity":57,"s:150:8:150:Infinity":58,"s:152:8:152:Infinity":59,"f:157:8:157:39":7,"b:158:4:158:Infinity:undefined:undefined:undefined:undefined":17,"s:158:4:158:Infinity":60,"s:158:22:158:Infinity":61,"s:159:4:159:Infinity":62,"f:162:8:162:20":8,"b:162:39:162:77":18,"s:163:21:163:Infinity":63,"s:164:22:164:Infinity":64,"s:165:17:165:Infinity":65,"s:166:16:166:Infinity":66,"s:168:17:168:Infinity":67,"s:169:4:169:Infinity":68,"s:170:4:170:Infinity":69,"s:171:4:171:Infinity":70,"s:173:4:173:Infinity":71,"f:176:2:176:16":9,"s:177:4:177:Infinity":72,"s:178:4:178:Infinity":73,"s:182:32:182:Infinity":74}}}
,"C:\\Users\\DEVDUL\\Documents\\DEVELOPMENT\\pdf-editor\\src\\stores\\themeStore.ts": {"path":"C:\\Users\\DEVDUL\\Documents\\DEVELOPMENT\\pdf-editor\\src\\stores\\themeStore.ts","statementMap":{"0":{"start":{"line":13,"column":13},"end":{"line":52,"column":null}},"1":{"start":{"line":15,"column":19},"end":{"line":46,"column":null}},"2":{"start":{"line":20,"column":8},"end":{"line":20,"column":null}},"3":{"start":{"line":21,"column":8},"end":{"line":21,"column":null}},"4":{"start":{"line":25,"column":8},"end":{"line":25,"column":null}},"5":{"start":{"line":25,"column":43},"end":{"line":25,"column":null}},"6":{"start":{"line":27,"column":21},"end":{"line":27,"column":null}},"7":{"start":{"line":28,"column":27},"end":{"line":28,"column":null}},"8":{"start":{"line":29,"column":26},"end":{"line":29,"column":null}},"9":{"start":{"line":32,"column":8},"end":{"line":32,"column":null}},"10":{"start":{"line":36,"column":8},"end":{"line":40,"column":null}},"11":{"start":{"line":37,"column":10},"end":{"line":37,"column":null}},"12":{"start":{"line":39,"column":10},"end":{"line":39,"column":null}},"13":{"start":{"line":43,"column":8},"end":{"line":43,"column":null}},"14":{"start":{"line":44,"column":8},"end":{"line":44,"column":null}},"15":{"start":{"line":49,"column":30},"end":{"line":49,"column":null}},"16":{"start":{"line":55,"column":0},"end":{"line":67,"column":null}},"17":{"start":{"line":56,"column":21},"end":{"line":56,"column":null}},"18":{"start":{"line":59,"column":2},"end":{"line":59,"column":null}},"19":{"start":{"line":62,"column":2},"end":{"line":66,"column":null}},"20":{"start":{"line":63,"column":4},"end":{"line":65,"column":null}},"21":{"start":{"line":64,"column":6},"end":{"line":64,"column":null}}},"fnMap":{"0":{"name":"(anonymous_0)","decl":{"start":{"line":15,"column":4},"end":{"line":15,"column":5}},"loc":{"start":{"line":15,"column":19},"end":{"line":46,"column":null}},"line":15},"1":{"name":"(anonymous_1)","decl":{"start":{"line":19,"column":16},"end":{"line":19,"column":17}},"loc":{"start":{"line":19,"column":34},"end":{"line":22,"column":null}},"line":19},"2":{"name":"(anonymous_2)","decl":{"start":{"line":24,"column":23},"end":{"line":24,"column":29}},"loc":{"start":{"line":24,"column":29},"end":{"line":45,"column":null}},"line":24},"3":{"name":"(anonymous_3)","decl":{"start":{"line":49,"column":19},"end":{"line":49,"column":30}},"loc":{"start":{"line":49,"column":30},"end":{"line":49,"column":null}},"line":49},"4":{"name":"(anonymous_4)","decl":{"start":{"line":62,"column":40},"end":{"line":62,"column":46}},"loc":{"start":{"line":62,"column":46},"end":{"line":66,"column":3}},"line":62}},"branchMap":{"0":{"loc":{"start":{"line":25,"column":8},"end":{"line":25,"column":null}},"type":"if","locations":[{"start":{"line":25,"column":8},"end":{"line":25,"column":null}},{"start":{},"end":{}}],"line":25},"1":{"loc":{"start":{"line":36,"column":8},"end":{"line":40,"column":null}},"type":"if","locations":[{"start":{"line":36,"column":8},"end":{"line":40,"column":null}},{"start":{"line":38,"column":15},"end":{"line":40,"column":null}}],"line":36},"2":{"loc":{"start":{"line":37,"column":26},"end":{"line":37,"column":null}},"type":"cond-expr","locations":[{"start":{"line":37,"column":47},"end":{"line":37,"column":56}},{"start":{"line":37,"column":56},"end":{"line":37,"column":null}}],"line":37},"3":{"loc":{"start":{"line":55,"column":0},"end":{"line":67,"column":null}},"type":"if","locations":[{"start":{"line":55,"column":0},"end":{"line":67,"column":null}},{"start":{},"end":{}}],"line":55},"4":{"loc":{"start":{"line":63,"column":4},"end":{"line":65,"column":null}},"type":"if","locations":[{"start":{"line":63,"column":4},"end":{"line":65,"column":null}},{"start":{},"end":{}}],"line":63}},"s":{"0":4,"1":4,"2":12,"3":12,"4":18,"5":0,"6":18,"7":18,"8":18,"9":18,"10":18,"11":8,"12":10,"13":18,"14":18,"15":30,"16":4,"17":4,"18":4,"19":4,"20":0,"21":0},"f":{"0":4,"1":12,"2":18,"3":30,"4":0},"b":{"0":[0,18],"1":[8,10],"2":[4,4],"3":[4,0],"4":[0,0]},"meta":{"lastBranch":5,"lastFunction":5,"lastStatement":22,"seen":{"s:13:13:52:Infinity":0,"f:15:4:15:5":0,"s:15:19:46:Infinity":1,"f:19:16:19:17":1,"s:20:8:20:Infinity":2,"s:21:8:21:Infinity":3,"f:24:23:24:29":2,"b:25:8:25:Infinity:undefined:undefined:undefined:undefined":0,"s:25:8:25:Infinity":4,"s:25:43:25:Infinity":5,"s:27:21:27:Infinity":6,"s:28:27:28:Infinity":7,"s:29:26:29:Infinity":8,"s:32:8:32:Infinity":9,"b:36:8:40:Infinity:38:15:40:Infinity":1,"s:36:8:40:Infinity":10,"s:37:10:37:Infinity":11,"b:37:47:37:56:37:56:37:Infinity":2,"s:39:10:39:Infinity":12,"s:43:8:43:Infinity":13,"s:44:8:44:Infinity":14,"f:49:19:49:30":3,"s:49:30:49:Infinity":15,"b:55:0:67:Infinity:undefined:undefined:undefined:undefined":3,"s:55:0:67:Infinity":16,"s:56:21:56:Infinity":17,"s:59:2:59:Infinity":18,"s:62:2:66:Infinity":19,"f:62:40:62:46":4,"b:63:4:65:Infinity:undefined:undefined:undefined:undefined":4,"s:63:4:65:Infinity":20,"s:64:6:64:Infinity":21}}}
}
